$PFLAA,3,13,-17,25,3,07C010!FAN_07C010,188,,1,0.0,7*76
$PFLAU,1,1,2,1,3,-53,2,25,22,07C010,33052D,5,507,1282*68
$PFLAA,3,13,-17,26,3,07C010!FAN_07C010,188,,1,0.0,7*75
$PFLAU,1,1,2,1,3,-53,2,26,22,07C010,33052D,5,507,1282*6B
$PFLAA,3,13,-17,27,3,07C010!FAN_07C010,188,,1,0.0,7*74
$PFLAU,1,1,2,1,3,-53,2,27,22,07C010,33052D,5,507,1282*6A
$PFLAA,3,17,-21,28,3,07C010!FAN_07C010,188,,1,0.0,7*7A
$PFLAU,1,1,2,1,3,-51,2,28,27,07C010,33052D,5,507,1283*63
$PFLAA,3,17,-21,28,3,07C010!FAN_07C010,188,,1,0.0,7*7A
$PFLAU,1,1,2,1,3,-51,2,28,27,07C010,33052D,5,507,1283*63
$PFLAA,3,18,-26,28,3,07C010!FAN_07C010,188,,1,0.0,7*72
$PFLAU,1,1,2,1,3,-55,2,28,31,07C010,33052D,5,507,1283*60
$PFLAU,0,1,2,1,0,,0,,,,33052D,5,507,1284*37
$PFLAU,0,1,2,1,0,,0,,,,33052D,5,507,1284*37
$PFLAU,0,1,2,1,0,,0,,,,33052D,5,507,1284*37
$PFLAA,3,22,-30,29,3,07C010!FAN_07C010,188,,1,0.0,7*7D
$PFLAU,1,1,2,1,3,-54,2,29,37,07C010,33052D,5,508,1285*6F
$PFLAA,3,22,-30,30,3,07C010!FAN_07C010,188,,1,0.0,7*75
$PFLAU,1,1,2,1,3,-54,2,30,37,07C010,33052D,5,508,1285*67
$PFLAA,3,21,-31,30,3,07C010!FAN_07C010,188,,1,0.0,7*77
$PFLAU,1,1,2,1,3,-55,2,30,38,07C010,33052D,5,508,1285*69
$PFLAA,3,32,-18,21,3,07C010!FAN_07C010,188,,1,0.0,7*7E
$PFLAU,1,1,2,1,3,-30,2,21,37,07C010,33052D,5,509,1286*67
$PFLAA,3,32,-18,22,3,07C010!FAN_07C010,188,,1,0.0,7*7D
$PFLAU,1,1,2,1,3,-30,2,22,37,07C010,33052D,5,509,1286*64
$PFLAA,3,32,-18,22,3,07C010!FAN_07C010,188,,1,0.0,7*7D
$PFLAU,1,1,2,1,3,-30,2,22,37,07C010,33052D,5,509,1287*65
$PFLAA,3,34,-15,23,3,07C010!FAN_07C010,188,,0,0.0,7*76
$PFLAU,1,1,2,1,3,-25,2,23,37,07C010,33052D,5,510,1287*68
$PFLAA,3,34,-15,23,3,07C010!FAN_07C010,188,,0,0.0,7*76
$PFLAU,1,1,2,1,3,-25,2,23,37,07C010,33052D,5,510,1287*68
$PFLAA,3,35,-15,23,3,07C010!FAN_07C010,188,,0,0.0,7*77
$PFLAU,1,1,2,1,3,-24,2,23,38,07C010,33052D,5,510,1287*66
$PFLAA,3,35,-15,23,3,07C010!FAN_07C010,188,,0,0.0,7*77
$PFLAU,1,1,2,1,3,-24,2,23,38,07C010,33052D,5,510,1288*69
$PFLAA,3,31,-15,23,3,07C010!FAN_07C010,188,,0,0.0,7*73
$PFLAU,1,1,2,1,3,-26,2,23,35,07C010,33052D,5,510,1288*66
$PFLAU,0,1,2,1,0,,0,,,,33052D,5,510,1288*3D
$PFLAU,0,1,2,1,0,,0,,,,33052D,5,510,1289*3C
$PFLAU,0,1,2,1,0,,0,,,,33052D,5,510,1289*3C
$PFLAU,0,1,2,1,0,,0,,,,33052D,5,510,1289*3C
$PFLAU,0,1,2,1,0,,0,,,,33052D,5,510,1290*34
$PFLAU,0,1,2,1,0,,0,,,,33052D,5,510,1290*34
$PFLAU,0,1,2,1,0,,0,,,,33052D,5,510,1290*34
$PFLAU,0,1,2,1,0,,0,,,,33052D,5,510,1291*35
$PFLAU,0,1,2,1,0,,0,,,,33052D,5,510,1291*35
$PFLAU,0,1,2,1,0,,0,,,,33052D,5,510,1291*35
$PFLAU,0,1,2,1,0,,0,,,,33052D,5,510,1292*36
$PFLAU,0,1,2,1,0,,0,,,,33052D,5,510,1292*36
$PFLAU,0,1,2,1,0,,0,,,,33052D,5,510,1292*36
$PFLAU,0,1,2,1,0,,0,,,,33052D,5,510,1293*37
$PFLAU,0,1,2,1,0,,0,,,,33052D,5,510,1293*37
$PFLAU,0,1,2,1,0,,0,,,,33052D,5,510,1293*37
$PFLAU,0,1,2,1,0,,0,,,,33052D,5,510,1294*30
$PFLAU,0,1,2,1,0,,0,,,,33052D,5,510,1294*30
$PFLAU,0,1,2,1,0,,0,,,,33052D,5,510,1294*30
$PFLAU,0,1,2,1,0,,0,,,,33052D,5,510,1295*31
$PFLAU,0,1,2,1,0,,0,,,,33052D,5,510,1295*31
$PFLAU,0,1,2,1,0,,0,,,,33052D,5,510,1295*31
$PFLAU,0,1,2,1,0,,0,,,,33052D,5,510,1296*32
$PFLAU,0,1,2,1,0,,0,,,,33052D,5,510,1296*32
$PFLAU,0,1,2,1,0,,0,,,,33052D,5,510,1296*32
$PFLAU,0,1,2,1,0,,0,,,,33052D,5,510,1297*33
$PFLAU,0,1,2,1,0,,0,,,,33052D,5,510,1297*33
$PFLAU,0,1,2,1,0,,0,,,,33052D,5,510,1297*33
$PFLAU,0,1,2,1,0,,0,,,,33052D,5,510,1298*3C
$PFLAA,3,13,-11,9,3,07C010!FAN_07C010,0,,1,0.0,7*4F
$PFLAU,1,1,2,1,3,-41,2,9,18,07C010,33052D,5,511,1298*50
$PFLAA,3,13,-11,11,3,07C010!FAN_07C010,0,,1,0.0,7*76
$PFLAU,1,1,2,1,3,-41,2,11,18,07C010,33052D,5,511,1298*69
$PFLAA,3,15,-11,11,3,07C010!FAN_07C010,0,,1,0.0,7*70
$PFLAU,1,1,2,1,3,-36,2,11,19,07C010,33052D,5,511,1298*68
$PFLAA,3,16,-10,13,3,07C010!FAN_07C010,0,,0,0.0,7*71
$PFLAU,1,1,2,1,3,-32,2,13,19,07C010,33052D,5,512,1299*6C
$PFLAA,3,16,-10,13,3,07C010!FAN_07C010,0,,0,0.0,7*71
$PFLAU,1,1,2,1,3,-32,2,13,19,07C010,33052D,5,512,1299*6C
$PFLAA,3,16,-10,13,3,07C010!FAN_07C010,0,,0,0.0,7*71
$PFLAU,1,1,2,1,3,-32,2,13,19,07C010,33052D,5,512,1299*6C
$PFLAA,3,18,-7,13,3,07C010!FAN_07C010,0,,0,0.0,7*49
$PFLAU,1,1,2,1,3,-22,2,13,19,07C010,33052D,5,512,1300*6C
$PFLAA,3,18,-7,13,3,07C010!FAN_07C010,0,,0,0.0,7*49
$PFLAU,1,1,2,1,3,-22,2,13,19,07C010,33052D,5,512,1300*6C
$PFLAA,3,19,-7,14,3,07C010!FAN_07C010,0,,0,0.0,7*4F
$PFLAU,1,1,2,1,3,-21,2,14,21,07C010,33052D,5,512,1300*63
$PFLAA,3,111,-61,-25,3,07C010!FAN_07C010,344,,34,0.0,7*5D
$PFLAU,1,1,2,1,3,-29,2,-25,127,07C010,33052D,5,513,1301*73
$PFLAA,3,111,-61,-24,3,07C010!FAN_07C010,344,,34,0.0,7*5C
$PFLAU,1,1,2,1,3,-29,2,-24,127,07C010,33052D,5,513,1301*72
$PFLAA,3,111,-61,-24,3,07C010!FAN_07C010,344,,34,0.0,7*5C
$PFLAU,1,1,2,1,3,-29,2,-24,127,07C010,33052D,5,513,1301*72
$PFLAA,3,108,-60,-24,3,07C010!FAN_07C010,344,,34,0.0,7*55
$PFLAU,1,1,2,1,3,-29,2,-24,124,07C010,33052D,5,513,1302*72
$PFLAA,3,108,-60,-25,3,07C010!FAN_07C010,344,,34,0.0,7*54
$PFLAU,1,1,2,1,3,-29,2,-25,124,07C010,33052D,5,513,1302*73
$PFLAA,3,107,-59,-25,3,07C010!FAN_07C010,344,,34,0.0,7*51
$PFLAU,1,1,2,1,3,-29,2,-25,123,07C010,33052D,5,513,1303*75
$PFLAU,0,1,2,1,0,,0,,,,33052D,5,513,1303*3C
$PFLAU,0,1,2,1,0,,0,,,,33052D,5,513,1303*3C
$PFLAU,0,1,2,1,0,,0,,,,33052D,5,513,1304*3B
$PFLAA,3,70,-13,-3,3,07C010!FAN_07C010,330,,0,0.0,7*6E
$PFLAU,1,1,2,1,3,-11,2,-3,71,07C010,33052D,5,514,1304*7C
$PFLAA,3,70,-13,-4,3,07C010!FAN_07C010,330,,0,0.0,7*69
$PFLAU,1,1,2,1,3,-11,2,-4,71,07C010,33052D,5,514,1304*7B
$PFLAA,3,63,-12,-6,3,07C010!FAN_07C010,330,,0,0.0,7*68
$PFLAU,1,1,2,1,3,-11,2,-6,64,07C010,33052D,5,514,1305*7C
$PFLAA,3,37,-1,0,3,07C010!FAN_07C010,330,,1,0.0,7*71
$PFLAU,1,1,2,1,3,-2,2,0,37,07C010,33052D,5,515,1305*62
$PFLAA,3,37,-1,0,3,07C010!FAN_07C010,330,,1,0.0,7*71
$PFLAU,1,1,2,1,3,-2,2,0,37,07C010,33052D,5,515,1305*62
$PFLAA,3,37,-1,0,3,07C010!FAN_07C010,330,,1,0.0,7*71
$PFLAU,1,1,2,1,3,-2,2,0,37,07C010,33052D,5,515,1306*61
$PFLAA,3,29,0,11,3,07C010!FAN_07C010,330,,0,0.0,7*63
$PFLAU,1,1,2,1,3,0,2,11,29,07C010,33052D,5,516,1306*72
$PFLAA,3,29,0,11,3,07C010!FAN_07C010,330,,0,0.0,7*63
$PFLAU,1,1,2,1,3,0,2,11,29,07C010,33052D,5,516,1306*72
$PFLAA,3,30,1,10,3,07C010!FAN_07C010,330,,0,0.0,7*6B
$PFLAU,1,1,2,1,3,3,2,10,30,07C010,33052D,5,516,1307*79
$PFLAA,3,20,3,13,3,07C010!FAN_07C010,330,,1,0.0,7*6A
$PFLAU,1,1,2,1,3,11,2,13,20,07C010,33052D,5,517,1307*49
$PFLAA,3,20,3,12,3,07C010!FAN_07C010,330,,1,0.0,7*6B
$PFLAU,1,1,2,1,3,11,2,12,20,07C010,33052D,5,517,1307*48
$PFLAA,3,20,3,11,3,07C010!FAN_07C010,330,,1,0.0,7*68
$PFLAU,1,1,2,1,3,11,2,11,20,07C010,33052D,5,517,1308*44
$PFLAA,3,-3,8,16,3,07C010!FAN_07C010,178,,-8,0.0,7*52
$PFLAU,1,1,2,1,3,113,2,16,9,07C010,33052D,5,518,1308*44
$PFLAA,3,-3,8,16,3,07C010!FAN_07C010,178,,-8,0.0,7*52
$PFLAU,1,1,2,1,3,113,2,16,9,07C010,33052D,5,518,1308*44
$PFLAA,3,-4,9,16,3,07C010!FAN_07C010,178,,-8,0.0,7*54
$PFLAU,1,1,2,1,3,118,2,16,10,07C010,33052D,5,518,1308*77
$PFLAA,3,-4,9,16,3,07C010!FAN_07C010,178,,-8,0.0,7*54
$PFLAU,1,1,2,1,3,118,2,16,10,07C010,33052D,5,518,1309*76
$PFLAA,3,-3,9,17,3,07C010!FAN_07C010,178,,-8,0.0,7*52
$PFLAU,1,1,2,1,3,109,2,17,10,07C010,33052D,5,518,1309*77
$PFLAA,3,-3,9,17,3,07C010!FAN_07C010,178,,-8,0.0,7*52
$PFLAU,1,1,2,1,3,109,2,17,10,07C010,33052D,5,518,1310*7F
$PFLAU,0,1,2,1,0,,0,,,,33052D,5,518,1310*35
$PFLAU,0,1,2,1,0,,0,,,,33052D,5,518,1310*35
$PFLAU,0,1,2,1,0,,0,,,,33052D,5,518,1310*35
$PFLAU,0,1,2,1,0,,0,,,,33052D,5,518,1311*34
$PFLAU,0,1,2,1,0,,0,,,,33052D,5,518,1311*34
$PFLAU,0,1,2,1,0,,0,,,,33052D,5,518,1312*37
$PFLAU,0,1,2,1,0,,0,,,,33052D,5,518,1312*37
$PFLAU,0,1,2,1,0,,0,,,,33052D,5,518,1312*37
$PFLAU,0,1,2,1,0,,0,,,,33052D,5,518,1313*36
$PFLAU,0,1,2,1,0,,0,,,,33052D,5,518,1313*36
$PFLAU,0,1,2,1,0,,0,,,,33052D,5,518,1313*36
$PFLAU,0,1,2,1,0,,0,,,,33052D,5,518,1313*36
$PFLAU,0,1,2,1,0,,0,,,,33052D,5,518,1314*31
$PFLAU,0,1,2,1,0,,0,,,,33052D,5,518,1314*31
$PFLAU,0,1,2,1,0,,0,,,,33052D,5,518,1315*30
$PFLAU,0,1,2,1,0,,0,,,,33052D,5,518,1315*30
$PFLAU,0,1,2,1,0,,0,,,,33052D,5,518,1315*30
$PFLAU,0,1,2,1,0,,0,,,,33052D,5,518,1315*30
$PFLAU,0,1,2,1,0,,0,,,,33052D,5,518,1316*33
$PFLAU,0,1,2,1,0,,0,,,,33052D,5,518,1316*33
$PFLAU,0,1,2,1,0,,0,,,,33052D,5,518,1316*33
$PFLAU,0,1,2,1,0,,0,,,,33052D,5,518,1317*32
$PFLAA,3,2,-1,1,3,07C010!FAN_07C010,178,,0,0.0,7*49
$PFLAU,1,1,2,1,3,-31,2,1,2,07C010,33052D,5,519,1317*6A
$PFLAA,3,2,-1,0,3,07C010!FAN_07C010,178,,0,0.0,7*48
$PFLAU,1,1,2,1,3,-31,2,0,2,07C010,33052D,5,519,1317*6B
$PFLAA,3,2,0,0,3,07C010!FAN_07C010,178,,0,0.0,7*64
$PFLAU,1,1,2,1,3,-15,2,0,2,07C010,33052D,5,519,1318*62
$PFLAA,3,5,0,2,3,07C010!FAN_07C010,178,,0,0.0,7*61
$PFLAU,1,1,2,1,3,-6,2,2,5,07C010,33052D,5,520,1318*5F
$PFLAA,3,5,0,3,3,07C010!FAN_07C010,178,,0,0.0,7*60
$PFLAU,1,1,2,1,3,-6,2,3,5,07C010,33052D,5,520,1318*5E
$PFLAA,3,5,0,3,3,07C010!FAN_07C010,178,,0,0.0,7*60
$PFLAU,1,1,2,1,3,-6,2,3,5,07C010,33052D,5,520,1319*5F
$PFLAA,3,11,-2,1,3,07C010!FAN_07C010,178,,0,0.0,7*78
$PFLAU,1,1,2,1,3,-10,2,1,12,07C010,33052D,5,521,1319*5D
$PFLAA,3,11,-2,1,3,07C010!FAN_07C010,178,,0,0.0,7*78
$PFLAU,1,1,2,1,3,-10,2,1,12,07C010,33052D,5,521,1319*5D
$PFLAA,3,13,-2,0,3,07C010!FAN_07C010,178,,0,0.0,7*7B
$PFLAU,1,1,2,1,3,-9,2,0,13,07C010,33052D,5,521,1320*6F
$PFLAA,3,19,-1,0,3,07C010!FAN_07C010,178,,0,0.0,7*72
$PFLAU,1,1,2,1,3,-3,2,0,19,07C010,33052D,5,522,1320*6C
$PFLAA,3,19,-1,0,3,07C010!FAN_07C010,178,,0,0.0,7*72
$PFLAU,1,1,2,1,3,-3,2,0,19,07C010,33052D,5,522,1320*6C
$PFLAA,3,19,-1,0,3,07C010!FAN_07C010,178,,0,0.0,7*72
$PFLAU,1,1,2,1,3,-3,2,0,19,07C010,33052D,5,522,1321*6D
$PFLAA,3,23,-2,-1,3,07C010!FAN_07C010,347,,0,0.0,7*5A
$PFLAU,1,1,2,1,3,-6,2,-1,23,07C010,33052D,5,523,1321*4C
$PFLAA,3,23,-2,-1,3,07C010!FAN_07C010,347,,0,0.0,7*5A
$PFLAU,1,1,2,1,3,-6,2,-1,23,07C010,33052D,5,523,1321*4C
$PFLAA,3,24,-3,-1,3,07C010!FAN_07C010,347,,0,0.0,7*5C
$PFLAU,1,1,2,1,3,-7,2,-1,25,07C010,33052D,5,523,1322*48
$PFLAA,3,22,-1,-2,3,07C010!FAN_07C010,347,,1,0.0,7*5A
$PFLAU,1,1,2,1,3,-4,2,-2,22,07C010,33052D,5,524,1322*48
$PFLAA,3,22,-1,-2,3,07C010!FAN_07C010,347,,1,0.0,7*5A
$PFLAU,1,1,2,1,3,-4,2,-2,22,07C010,33052D,5,524,1322*48
$PFLAA,3,22,-1,-2,3,07C010!FAN_07C010,347,,1,0.0,7*5A
$PFLAU,1,1,2,1,3,-4,2,-2,22,07C010,33052D,5,524,1323*49
$PFLAA,3,25,-3,-2,3,07C010!FAN_07C010,347,,0,0.0,7*5E
$PFLAU,1,1,2,1,3,-8,2,-2,25,07C010,33052D,5,525,1323*43
$PFLAA,3,25,-3,-2,3,07C010!FAN_07C010,347,,0,0.0,7*5E
$PFLAU,1,1,2,1,3,-8,2,-2,25,07C010,33052D,5,525,1323*43
$PFLAA,3,28,-3,-3,3,07C010!FAN_07C010,347,,0,0.0,7*52
$PFLAU,1,1,2,1,3,-7,2,-3,29,07C010,33052D,5,525,1324*46
$PFLAA,3,26,-3,-4,3,07C010!FAN_07C010,261,,4,0.0,7*5A
$PFLAU,1,1,2,1,3,-7,2,-4,26,07C010,33052D,5,526,1324*4D
$PFLAA,3,26,-3,-3,3,07C010!FAN_07C010,261,,4,0.0,7*5D
$PFLAU,1,1,2,1,3,-7,2,-3,26,07C010,33052D,5,526,1324*4A
$PFLAA,3,26,-3,-2,3,07C010!FAN_07C010,261,,4,0.0,7*5C
$PFLAU,1,1,2,1,3,-7,2,-2,26,07C010,33052D,5,526,1325*4A
$PFLAA,3,24,-3,-2,3,07C010!FAN_07C010,261,,4,0.0,7*5E
$PFLAU,1,1,2,1,3,-9,2,-2,24,07C010,33052D,5,526,1325*46
$PFLAA,3,19,-3,-2,3,07C010!FAN_07C010,230,,2,0.0,7*52
$PFLAU,1,1,2,1,3,-11,2,-2,20,07C010,33052D,5,527,1325*7A
$PFLAA,3,19,-3,-2,3,07C010!FAN_07C010,230,,2,0.0,7*52
$PFLAU,1,1,2,1,3,-11,2,-2,20,07C010,33052D,5,527,1326*79
$PFLAA,3,19,-3,-2,3,07C010!FAN_07C010,230,,2,0.0,7*52
$PFLAU,1,1,2,1,3,-11,2,-2,20,07C010,33052D,5,527,1326*79
$PFLAA,3,16,-4,-5,3,07C010!FAN_07C010,230,,1,0.0,7*5E
$PFLAU,1,1,2,1,3,-16,2,-5,17,07C010,33052D,5,528,1326*72
$PFLAA,3,16,-4,-4,3,07C010!FAN_07C010,230,,1,0.0,7*5F
$PFLAU,1,1,2,1,3,-16,2,-4,17,07C010,33052D,5,528,1327*72
$PFLAA,3,13,-5,-6,3,07C010!FAN_07C010,230,,0,0.0,7*58
$PFLAU,1,1,2,1,3,-21,2,-6,14,07C010,33052D,5,529,1327*76
$PFLAA,3,13,-5,-6,3,07C010!FAN_07C010,230,,0,0.0,7*58
$PFLAU,1,1,2,1,3,-21,2,-6,14,07C010,33052D,5,529,1327*76
$PFLAA,3,13,-5,-6,3,07C010!FAN_07C010,230,,0,0.0,7*58
$PFLAU,1,1,2,1,3,-21,2,-6,14,07C010,33052D,5,529,1328*79
$PFLAA,3,9,-3,-10,3,07C010!FAN_07C010,230,,0,0.0,7*52
$PFLAU,1,1,2,1,3,-22,2,-10,10,07C010,33052D,5,530,1328*41
$PFLAA,3,9,-3,-10,3,07C010!FAN_07C010,230,,0,0.0,7*52
$PFLAU,1,1,2,1,3,-22,2,-10,10,07C010,33052D,5,530,1328*41
$PFLAA,3,9,-3,-10,3,07C010!FAN_07C010,230,,0,0.0,7*52
$PFLAU,1,1,2,1,3,-22,2,-10,10,07C010,33052D,5,530,1329*40
$PFLAA,3,12,-3,-10,3,07C010!FAN_07C010,230,,0,0.0,7*68
$PFLAU,1,1,2,1,3,-16,2,-10,13,07C010,33052D,5,530,1329*44
$PFLAA,3,13,-3,-10,3,07C010!FAN_07C010,230,,0,0.0,7*69
$PFLAU,1,1,2,1,3,-14,2,-10,14,07C010,33052D,5,531,1329*40
$PFLAA,3,13,-3,-9,3,07C010!FAN_07C010,230,,0,0.0,7*51
$PFLAU,1,1,2,1,3,-14,2,-9,14,07C010,33052D,5,531,1330*70
$PFLAA,3,13,-3,-9,3,07C010!FAN_07C010,230,,0,0.0,7*51
$PFLAU,1,1,2,1,3,-14,2,-9,14,07C010,33052D,5,531,1330*70
$PFLAA,3,15,-4,-10,3,07C010!FAN_07C010,230,,1,0.0,7*69
$PFLAU,1,1,2,1,3,-18,2,-10,16,07C010,33052D,5,532,1330*45
$PFLAA,3,15,-4,-9,3,07C010!FAN_07C010,230,,1,0.0,7*51
$PFLAU,1,1,2,1,3,-18,2,-9,16,07C010,33052D,5,532,1331*7C
$PFLAA,3,15,-4,-9,3,07C010!FAN_07C010,230,,1,0.0,7*51
$PFLAU,1,1,2,1,3,-18,2,-9,16,07C010,33052D,5,532,1331*7C
$PFLAA,3,15,-5,-12,3,07C010!FAN_07C010,230,,0,0.0,7*6B
$PFLAU,1,1,2,1,3,-20,2,-12,16,07C010,33052D,5,533,1332*4F
$PFLAA,3,15,-5,-12,3,07C010!FAN_07C010,230,,0,0.0,7*6B
$PFLAU,1,1,2,1,3,-20,2,-12,16,07C010,33052D,5,533,1332*4F
$PFLAA,3,14,-5,-12,3,07C010!FAN_07C010,230,,0,0.0,7*6A
$PFLAU,1,1,2,1,3,-20,2,-12,15,07C010,33052D,5,534,1332*4B
$PFLAA,3,14,-5,-12,3,07C010!FAN_07C010,230,,0,0.0,7*6A
$PFLAU,1,1,2,1,3,-20,2,-12,15,07C010,33052D,5,534,1333*4A
$PFLAA,3,14,-5,-12,3,07C010!FAN_07C010,230,,0,0.0,7*6A
$PFLAU,1,1,2,1,3,-20,2,-12,15,07C010,33052D,5,534,1333*4A
$PFLAA,3,13,-5,-13,3,07C010!FAN_07C010,202,,2,0.0,7*6F
$PFLAU,1,1,2,1,3,-23,2,-13,14,07C010,33052D,5,535,1333*48
$PFLAA,3,13,-5,-13,3,07C010!FAN_07C010,202,,2,0.0,7*6F
$PFLAU,1,1,2,1,3,-23,2,-13,14,07C010,33052D,5,535,1334*4F
$PFLAA,3,13,-5,-13,3,07C010!FAN_07C010,202,,2,0.0,7*6F
$PFLAU,1,1,2,1,3,-23,2,-13,14,07C010,33052D,5,535,1334*4F
$PFLAA,3,13,-5,-12,3,07C010!FAN_07C010,202,,2,0.0,7*6E
$PFLAU,1,1,2,1,3,-23,2,-12,14,07C010,33052D,5,535,1334*4E
$PFLAA,3,8,-8,-17,3,07C010!FAN_07C010,202,,1,0.0,7*5F
$PFLAU,1,1,2,1,3,-44,2,-17,11,07C010,33052D,5,536,1335*4D
$PFLAA,3,8,-8,-17,3,07C010!FAN_07C010,202,,1,0.0,7*5F
$PFLAU,1,1,2,1,3,-44,2,-17,11,07C010,33052D,5,536,1335*4D
$PFLAA,3,7,-8,-17,3,07C010!FAN_07C010,202,,1,0.0,7*50
$PFLAU,1,1,2,1,3,-48,2,-17,11,07C010,33052D,5,536,1335*41
$PFLAA,3,2,-8,-18,3,07C010!FAN_07C010,196,,0,0.0,7*55
$PFLAU,1,1,2,1,3,-71,2,-18,8,07C010,33052D,5,537,1335*7D
$PFLAA,3,2,-8,-18,3,07C010!FAN_07C010,196,,0,0.0,7*55
$PFLAU,1,1,2,1,3,-71,2,-18,8,07C010,33052D,5,537,1336*7E
$PFLAA,3,2,-8,-18,3,07C010!FAN_07C010,196,,0,0.0,7*55
$PFLAU,1,1,2,1,3,-71,2,-18,8,07C010,33052D,5,537,1336*7E
$PFLAA,3,4,-10,-19,3,07C010!FAN_07C010,196,,1,0.0,7*6A
$PFLAU,1,1,2,1,3,-68,2,-19,11,07C010,33052D,5,538,1337*41
$PFLAA,3,4,-10,-19,3,07C010!FAN_07C010,196,,1,0.0,7*6A
$PFLAU,1,1,2,1,3,-68,2,-19,11,07C010,33052D,5,538,1337*41
$PFLAA,3,3,-10,-19,3,07C010!FAN_07C010,196,,1,0.0,7*6D
$PFLAU,1,1,2,1,3,-70,2,-19,11,07C010,33052D,5,538,1337*48
$PFLAA,3,5,-10,-18,3,07C010!FAN_07C010,196,,0,0.0,7*6B
$PFLAU,1,1,2,1,3,-61,2,-18,11,07C010,33052D,5,539,1338*47
$PFLAA,3,7,-9,-18,3,07C010!FAN_07C010,196,,0,0.0,7*51
$PFLAU,1,1,2,1,3,-54,2,-18,12,07C010,33052D,5,539,1338*42
$PFLAA,3,11,-7,-16,3,07C010!FAN_07C010,196,,1,0.0,7*67
$PFLAU,1,1,2,1,3,-36,2,-16,13,07C010,33052D,5,540,1338*47
$PFLAA,3,11,-7,-16,3,07C010!FAN_07C010,196,,1,0.0,7*67
$PFLAU,1,1,2,1,3,-36,2,-16,13,07C010,33052D,5,540,1339*46
$PFLAA,3,11,-7,-16,3,07C010!FAN_07C010,196,,1,0.0,7*67
$PFLAU,1,1,2,1,3,-36,2,-16,13,07C010,33052D,5,540,1339*46
$PFLAA,3,15,-5,-12,3,07C010!FAN_07C010,196,,0,0.0,7*64
$PFLAU,1,1,2,1,3,-19,2,-12,16,07C010,33052D,5,541,1339*4B
$PFLAA,3,15,-5,-12,3,07C010!FAN_07C010,196,,0,0.0,7*64
$PFLAU,1,1,2,1,3,-19,2,-12,16,07C010,33052D,5,541,1340*45
$PFLAA,3,14,-4,-12,3,07C010!FAN_07C010,196,,0,0.0,7*64
$PFLAU,1,1,2,1,3,-18,2,-12,15,07C010,33052D,5,541,1340*47
$PFLAA,3,16,-4,-9,3,07C010!FAN_07C010,196,,0,0.0,7*5C
$PFLAU,1,1,2,1,3,-17,2,-9,16,07C010,33052D,5,542,1340*72
$PFLAA,3,16,-4,-9,3,07C010!FAN_07C010,196,,0,0.0,7*5C
$PFLAU,1,1,2,1,3,-17,2,-9,16,07C010,33052D,5,542,1341*73
$PFLAA,3,16,-4,-9,3,07C010!FAN_07C010,196,,0,0.0,7*5C
$PFLAU,1,1,2,1,3,-17,2,-9,16,07C010,33052D,5,542,1341*73
$PFLAA,3,17,-3,-8,3,07C010!FAN_07C010,196,,1,0.0,7*5A
$PFLAU,1,1,2,1,3,-12,2,-8,18,07C010,33052D,5,543,1341*78
$PFLAA,3,17,-3,-8,3,07C010!FAN_07C010,196,,1,0.0,7*5A
$PFLAU,1,1,2,1,3,-12,2,-8,18,07C010,33052D,5,543,1341*78
$PFLAA,3,18,-4,-7,3,07C010!FAN_07C010,196,,1,0.0,7*5D
$PFLAU,1,1,2,1,3,-13,2,-7,19,07C010,33052D,5,543,1342*74
$PFLAA,3,22,-3,-4,3,07C010!FAN_07C010,196,,0,0.0,7*51
$PFLAU,1,1,2,1,3,-8,2,-4,23,07C010,33052D,5,544,1342*43
$PFLAA,3,22,-3,-4,3,07C010!FAN_07C010,196,,0,0.0,7*51
$PFLAU,1,1,2,1,3,-8,2,-4,23,07C010,33052D,5,544,1343*42
$PFLAA,3,22,-3,-4,3,07C010!FAN_07C010,196,,0,0.0,7*51
$PFLAU,1,1,2,1,3,-8,2,-4,23,07C010,33052D,5,544,1343*42
$PFLAA,3,22,-3,-3,3,07C010!FAN_07C010,196,,1,0.0,7*57
$PFLAU,1,1,2,1,3,-10,2,-3,22,07C010,33052D,5,545,1343*7C
$PFLAA,3,22,-3,-2,3,07C010!FAN_07C010,196,,1,0.0,7*56
$PFLAU,1,1,2,1,3,-10,2,-2,22,07C010,33052D,5,545,1344*7A
$PFLAA,3,22,-4,-2,3,07C010!FAN_07C010,196,,1,0.0,7*51
$PFLAU,1,1,2,1,3,-12,2,-2,22,07C010,33052D,5,545,1344*78
$PFLAA,3,22,-4,-2,3,07C010!FAN_07C010,196,,1,0.0,7*51
$PFLAU,1,1,2,1,3,-12,2,-2,22,07C010,33052D,5,545,1344*78
$PFLAA,3,24,-4,-3,3,07C010!FAN_07C010,196,,0,0.0,7*57
$PFLAU,1,1,2,1,3,-11,2,-3,25,07C010,33052D,5,546,1345*7F
$PFLAA,3,24,-4,-3,3,07C010!FAN_07C010,196,,0,0.0,7*57
$PFLAU,1,1,2,1,3,-11,2,-3,25,07C010,33052D,5,546,1345*7F
$PFLAA,3,25,-4,-3,3,07C010!FAN_07C010,196,,0,0.0,7*56
$PFLAU,1,1,2,1,3,-9,2,-3,26,07C010,33052D,5,546,1345*45
$PFLAA,3,23,-4,-2,3,07C010!FAN_07C010,196,,0,0.0,7*51
$PFLAU,1,1,2,1,3,-10,2,-2,23,07C010,33052D,5,547,1346*7B
$PFLAA,3,23,-4,-2,3,07C010!FAN_07C010,196,,0,0.0,7*51
$PFLAU,1,1,2,1,3,-10,2,-2,23,07C010,33052D,5,547,1346*7B
$PFLAA,3,25,-4,-1,3,07C010!FAN_07C010,196,,0,0.0,7*54
$PFLAU,1,1,2,1,3,-10,2,-1,26,07C010,33052D,5,548,1346*72
$PFLAA,3,25,-4,-1,3,07C010!FAN_07C010,196,,0,0.0,7*54
$PFLAU,1,1,2,1,3,-10,2,-1,26,07C010,33052D,5,548,1347*73
$PFLAA,3,25,-4,0,3,07C010!FAN_07C010,196,,0,0.0,7*78
$PFLAU,1,1,2,1,3,-10,2,0,26,07C010,33052D,5,548,1347*5F
$PFLAA,3,26,-5,0,3,07C010!FAN_07C010,196,,0,0.0,7*7A
$PFLAU,1,1,2,1,3,-12,2,0,26,07C010,33052D,5,549,1347*5C
$PFLAA,3,26,-5,1,3,07C010!FAN_07C010,196,,0,0.0,7*7B
$PFLAU,1,1,2,1,3,-12,2,1,26,07C010,33052D,5,549,1348*52
$PFLAA,3,27,-5,1,3,07C010!FAN_07C010,196,,0,0.0,7*7A
$PFLAU,1,1,2,1,3,-12,2,1,28,07C010,33052D,5,549,1348*5C
$PFLAA,3,31,-7,2,3,07C010!FAN_07C010,196,,0,0.0,7*7C
$PFLAU,1,1,2,1,3,-13,2,2,32,07C010,33052D,5,550,1348*5D
$PFLAA,3,31,-7,2,3,07C010!FAN_07C010,196,,0,0.0,7*7C
$PFLAU,1,1,2,1,3,-13,2,2,32,07C010,33052D,5,550,1349*5C
$PFLAA,3,31,-7,2,3,07C010!FAN_07C010,196,,0,0.0,7*7C
$PFLAU,1,1,2,1,3,-13,2,2,32,07C010,33052D,5,550,1349*5C
$PFLAA,3,30,-6,2,3,07C010!FAN_07C010,196,,0,0.0,7*7C
$PFLAU,1,1,2,1,3,-12,2,2,31,07C010,33052D,5,550,1349*5E
$PFLAA,3,30,-6,3,3,07C010!FAN_07C010,196,,0,0.0,7*7D
$PFLAU,1,1,2,1,3,-12,2,3,31,07C010,33052D,5,550,1350*57
$PFLAA,3,30,-6,3,3,07C010!FAN_07C010,196,,0,0.0,7*7D
$PFLAU,1,1,2,1,3,-12,2,3,30,07C010,33052D,5,550,1350*56
$PFLAU,0,1,2,1,0,,0,,,,33052D,5,550,1350*3D
$PFLAA,3,27,-5,4,3,07C010!FAN_07C010,196,,0,0.0,7*7F
$PFLAU,1,1,2,1,3,-12,2,4,28,07C010,33052D,5,551,1351*58
$PFLAA,3,27,-5,5,3,07C010!FAN_07C010,196,,0,0.0,7*7E
$PFLAU,1,1,2,1,3,-12,2,5,28,07C010,33052D,5,551,1351*59
$PFLAA,3,25,-5,5,3,07C010!FAN_07C010,196,,0,0.0,7*7C
$PFLAU,1,1,2,1,3,-12,2,5,26,07C010,33052D,5,551,1351*57
$PFLAA,3,25,-5,5,3,07C010!FAN_07C010,196,,0,0.0,7*7C
$PFLAU,1,1,2,1,3,-12,2,5,26,07C010,33052D,5,551,1352*54
$PFLAA,3,26,-4,5,3,07C010!FAN_07C010,196,,0,0.0,7*7E
$PFLAU,1,1,2,1,3,-10,2,5,27,07C010,33052D,5,551,1352*57
$PFLAU,0,1,2,1,0,,0,,,,33052D,5,551,1352*3E
$PFLAU,0,1,2,1,0,,0,,,,33052D,5,551,1353*3F
$PFLAA,3,29,-5,5,3,07C010!FAN_07C010,196,,0,0.0,7*70
$PFLAU,1,1,2,1,3,-10,2,5,29,07C010,33052D,5,552,1353*5B
$PFLAA,3,30,-4,5,3,07C010!FAN_07C010,196,,0,0.0,7*79
$PFLAU,1,1,2,1,3,-9,2,5,30,07C010,33052D,5,552,1353*6B
$PFLAA,3,30,-4,5,3,07C010!FAN_07C010,196,,0,0.0,7*79
$PFLAU,1,1,2,1,3,-9,2,5,30,07C010,33052D,5,552,1354*6C
$PFLAA,3,31,-3,6,3,07C010!FAN_07C010,196,,0,0.0,7*7C
$PFLAU,1,1,2,1,3,-7,2,6,31,07C010,33052D,5,553,1354*61
$PFLAA,3,31,-3,6,3,07C010!FAN_07C010,196,,0,0.0,7*7C
$PFLAU,1,1,2,1,3,-7,2,6,31,07C010,33052D,5,553,1354*61
$PFLAA,3,29,-4,6,3,07C010!FAN_07C010,196,,0,0.0,7*72
$PFLAU,1,1,2,1,3,-8,2,6,29,07C010,33052D,5,553,1355*66
$PFLAA,3,28,-3,7,3,07C010!FAN_07C010,196,,0,0.0,7*75
$PFLAU,1,1,2,1,3,-8,2,7,28,07C010,33052D,5,554,1355*61
$PFLAA,3,28,-3,7,3,07C010!FAN_07C010,196,,0,0.0,7*75
$PFLAU,1,1,2,1,3,-8,2,7,28,07C010,33052D,5,554,1355*61
$PFLAA,3,28,-3,8,3,07C010!FAN_07C010,196,,0,0.0,7*7A
$PFLAU,1,1,2,1,3,-8,2,8,28,07C010,33052D,5,554,1356*6D
$PFLAA,3,31,-4,9,3,07C010!FAN_07C010,196,,1,0.0,7*75
$PFLAU,1,1,2,1,3,-9,2,9,31,07C010,33052D,5,555,1356*64
$PFLAA,3,31,-4,9,3,07C010!FAN_07C010,196,,1,0.0,7*75
$PFLAU,1,1,2,1,3,-9,2,9,31,07C010,33052D,5,555,1356*64
$PFLAA,3,29,-4,9,3,07C010!FAN_07C010,196,,1,0.0,7*7C
$PFLAU,1,1,2,1,3,-9,2,9,30,07C010,33052D,5,555,1357*64
$PFLAA,3,31,-4,10,3,07C010!FAN_07C010,196,,1,0.0,7*4D
$PFLAU,1,1,2,1,3,-8,2,10,31,07C010,33052D,5,556,1357*5F
$PFLAA,3,31,-4,10,3,07C010!FAN_07C010,196,,1,0.0,7*4D
$PFLAU,1,1,2,1,3,-8,2,10,31,07C010,33052D,5,556,1357*5F
$PFLAA,3,31,-4,10,3,07C010!FAN_07C010,196,,1,0.0,7*4D
$PFLAU,1,1,2,1,3,-8,2,10,31,07C010,33052D,5,556,1358*50
$PFLAA,3,27,-1,11,3,07C010!FAN_07C010,196,,0,0.0,7*4F
$PFLAU,1,1,2,1,3,-4,2,11,27,07C010,33052D,5,557,1358*5B
$PFLAA,3,27,-1,11,3,07C010!FAN_07C010,196,,0,0.0,7*4F
$PFLAU,1,1,2,1,3,-4,2,11,27,07C010,33052D,5,557,1358*5B
$PFLAA,3,24,-1,11,3,07C010!FAN_07C010,196,,0,0.0,7*4C
$PFLAU,1,1,2,1,3,-4,2,11,24,07C010,33052D,5,557,1359*59
$PFLAA,3,21,0,11,3,07C010!FAN_07C010,196,,0,0.0,7*65
$PFLAU,1,1,2,1,3,-1,2,11,21,07C010,33052D,5,558,1359*56
$PFLAA,3,21,0,11,3,07C010!FAN_07C010,196,,0,0.0,7*65
$PFLAU,1,1,2,1,3,-1,2,11,21,07C010,33052D,5,558,1359*56
$PFLAA,3,21,0,12,3,07C010!FAN_07C010,196,,0,0.0,7*66
$PFLAU,1,1,2,1,3,-1,2,12,21,07C010,33052D,5,558,1360*5F
$PFLAA,3,21,-1,11,3,07C010!FAN_07C010,196,,1,0.0,7*48
$PFLAU,1,1,2,1,3,-3,2,11,21,07C010,33052D,5,559,1360*5F
$PFLAA,3,21,-1,11,3,07C010!FAN_07C010,196,,1,0.0,7*48
$PFLAU,1,1,2,1,3,-3,2,11,21,07C010,33052D,5,559,1360*5F
$PFLAA,3,24,-4,12,3,07C010!FAN_07C010,196,,1,0.0,7*4B
$PFLAU,1,1,2,1,3,-10,2,12,24,07C010,33052D,5,560,1361*60
$PFLAA,3,24,-4,12,3,07C010!FAN_07C010,196,,1,0.0,7*4B
$PFLAU,1,1,2,1,3,-10,2,12,24,07C010,33052D,5,560,1361*60
$PFLAA,3,22,-4,12,3,07C010!FAN_07C010,196,,1,0.0,7*4D
$PFLAU,1,1,2,1,3,-12,2,12,23,07C010,33052D,5,560,1362*66
$PFLAA,3,24,-4,14,3,07C010!FAN_07C010,196,,0,0.0,7*4C
$PFLAU,1,1,2,1,3,-11,2,14,24,07C010,33052D,5,561,1362*65
$PFLAA,3,24,-4,14,3,07C010!FAN_07C010,196,,0,0.0,7*4C
$PFLAU,1,1,2,1,3,-11,2,14,24,07C010,33052D,5,561,1362*65
$PFLAA,3,24,-4,14,3,07C010!FAN_07C010,196,,0,0.0,7*4C
$PFLAU,1,1,2,1,3,-11,2,14,24,07C010,33052D,5,561,1363*64
$PFLAA,3,25,-5,15,3,07C010!FAN_07C010,196,,0,0.0,7*4D
$PFLAU,1,1,2,1,3,-13,2,15,25,07C010,33052D,5,562,1363*65
$PFLAA,3,25,-5,15,3,07C010!FAN_07C010,196,,0,0.0,7*4D
$PFLAU,1,1,2,1,3,-13,2,15,25,07C010,33052D,5,562,1363*65
$PFLAA,3,27,-6,15,3,07C010!FAN_07C010,196,,0,0.0,7*4C
$PFLAU,1,1,2,1,3,-13,2,15,28,07C010,33052D,5,562,1364*6F
$PFLAA,3,27,-6,15,3,07C010!FAN_07C010,196,,0,0.0,7*4C
$PFLAU,1,1,2,1,3,-13,2,15,28,07C010,33052D,5,562,1364*6F
$PFLAA,3,30,-6,16,3,07C010!FAN_07C010,196,,1,0.0,7*48
$PFLAU,1,1,2,1,3,-12,2,16,31,07C010,33052D,5,563,1364*64
$PFLAA,3,30,-6,16,3,07C010!FAN_07C010,196,,1,0.0,7*48
$PFLAU,1,1,2,1,3,-12,2,16,31,07C010,33052D,5,563,1365*65
$PFLAA,3,29,-5,17,3,07C010!FAN_07C010,196,,1,0.0,7*42
$PFLAU,1,1,2,1,3,-11,2,17,30,07C010,33052D,5,563,1365*66
$PFLAA,3,28,-6,17,3,07C010!FAN_07C010,196,,0,0.0,7*41
$PFLAU,1,1,2,1,3,-12,2,17,29,07C010,33052D,5,564,1365*6A
$PFLAA,3,28,-6,18,3,07C010!FAN_07C010,196,,0,0.0,7*4E
$PFLAU,1,1,2,1,3,-12,2,18,29,07C010,33052D,5,564,1366*66
$PFLAA,3,28,-6,18,3,07C010!FAN_07C010,196,,0,0.0,7*4E
$PFLAU,1,1,2,1,3,-12,2,18,29,07C010,33052D,5,564,1366*66
$PFLAA,3,31,-4,17,3,07C010!FAN_07C010,196,,0,0.0,7*4B
$PFLAU,1,1,2,1,3,-8,2,17,31,07C010,33052D,5,565,1366*5A
$PFLAA,3,31,-4,17,3,07C010!FAN_07C010,196,,0,0.0,7*4B
$PFLAU,1,1,2,1,3,-8,2,17,31,07C010,33052D,5,565,1367*5B
$PFLAA,3,31,-2,17,3,07C010!FAN_07C010,196,,0,0.0,7*4D
$PFLAU,1,1,2,1,3,-4,2,17,31,07C010,33052D,5,565,1367*57
$PFLAA,3,31,-2,17,3,07C010!FAN_07C010,196,,0,0.0,7*4D
$PFLAU,1,1,2,1,3,-4,2,17,31,07C010,33052D,5,565,1367*57
$PFLAA,3,30,-1,17,3,07C010!FAN_07C010,196,,1,0.0,7*4E
$PFLAU,1,1,2,1,3,-3,2,17,30,07C010,33052D,5,566,1368*5D
$PFLAA,3,30,-1,17,3,07C010!FAN_07C010,196,,1,0.0,7*4E
$PFLAU,1,1,2,1,3,-3,2,17,30,07C010,33052D,5,566,1368*5D
$PFLAA,3,27,-1,19,3,07C010!FAN_07C010,196,,0,0.0,7*47
$PFLAU,1,1,2,1,3,-3,2,19,27,07C010,33052D,5,567,1368*54
$PFLAA,3,27,-1,19,3,07C010!FAN_07C010,196,,0,0.0,7*47
$PFLAU,1,1,2,1,3,-3,2,19,27,07C010,33052D,5,567,1369*55
$PFLAA,3,27,-1,20,3,07C010!FAN_07C010,196,,0,0.0,7*4D
$PFLAU,1,1,2,1,3,-3,2,20,27,07C010,33052D,5,567,1369*5F
$PFLAA,3,27,-1,20,3,07C010!FAN_07C010,196,,0,0.0,7*4D
$PFLAU,1,1,2,1,3,-3,2,20,27,07C010,33052D,5,567,1369*5F
$PFLAA,3,28,-3,20,3,07C010!FAN_07C010,196,,0,0.0,7*40
$PFLAU,1,1,2,1,3,-7,2,20,29,07C010,33052D,5,568,1370*52
$PFLAA,3,28,-3,20,3,07C010!FAN_07C010,196,,0,0.0,7*40
$PFLAU,1,1,2,1,3,-7,2,20,29,07C010,33052D,5,568,1370*52
$PFLAA,3,34,-4,20,3,07C010!FAN_07C010,265,,2,0.0,7*47
$PFLAU,1,1,2,1,3,-8,2,20,34,07C010,33052D,5,569,1370*50
$PFLAA,3,34,-4,20,3,07C010!FAN_07C010,265,,2,0.0,7*47
$PFLAU,1,1,2,1,3,-8,2,20,34,07C010,33052D,5,569,1371*51
$PFLAA,3,34,-4,20,3,07C010!FAN_07C010,265,,2,0.0,7*47
$PFLAU,1,1,2,1,3,-8,2,20,34,07C010,33052D,5,569,1371*51
$PFLAA,3,34,-4,20,3,07C010!FAN_07C010,265,,2,0.0,7*47
$PFLAU,1,1,2,1,3,-8,2,20,34,07C010,33052D,5,569,1371*51
$PFLAA,3,33,-7,20,3,07C010!FAN_07C010,265,,0,0.0,7*41
$PFLAU,1,1,2,1,3,-12,2,20,34,07C010,33052D,5,570,1372*61
$PFLAA,3,33,-7,20,3,07C010!FAN_07C010,265,,0,0.0,7*41
$PFLAU,1,1,2,1,3,-12,2,20,34,07C010,33052D,5,570,1372*61
$PFLAA,3,32,-8,20,3,07C010!FAN_07C010,265,,0,0.0,7*4F
$PFLAU,1,1,2,1,3,-15,2,20,33,07C010,33052D,5,570,1372*61
$PFLAA,3,33,-9,21,3,07C010!FAN_07C010,265,,0,0.0,7*4E
$PFLAU,1,1,2,1,3,-16,2,21,34,07C010,33052D,5,571,1372*65
$PFLAA,3,33,-9,21,3,07C010!FAN_07C010,265,,0,0.0,7*4E
$PFLAU,1,1,2,1,3,-16,2,21,34,07C010,33052D,5,571,1373*64
$PFLAA,3,33,-9,22,3,07C010!FAN_07C010,265,,0,0.0,7*4D
$PFLAU,1,1,2,1,3,-16,2,22,34,07C010,33052D,5,571,1373*67
$PFLAA,3,31,-7,21,3,07C010!FAN_07C010,265,,0,0.0,7*42
$PFLAU,1,1,2,1,3,-13,2,21,32,07C010,33052D,5,572,1373*64
$PFLAA,3,31,-7,21,3,07C010!FAN_07C010,265,,0,0.0,7*42
$PFLAU,1,1,2,1,3,-13,2,21,32,07C010,33052D,5,572,1374*63
$PFLAA,3,28,-7,21,3,07C010!FAN_07C010,265,,0,0.0,7*4A
$PFLAU,1,1,2,1,3,-14,2,21,29,07C010,33052D,5,572,1374*6E
$PFLAA,3,25,-3,22,3,07C010!FAN_07C010,265,,1,0.0,7*41
$PFLAU,1,1,2,1,3,-7,2,22,25,07C010,33052D,5,573,1374*52
$PFLAA,3,25,-3,22,3,07C010!FAN_07C010,265,,1,0.0,7*41
$PFLAU,1,1,2,1,3,-7,2,22,25,07C010,33052D,5,573,1375*53
$PFLAA,3,25,-3,21,3,07C010!FAN_07C010,265,,1,0.0,7*42
$PFLAU,1,1,2,1,3,-7,2,21,25,07C010,33052D,5,573,1375*50
$PFLAA,3,23,-1,21,3,07C010!FAN_07C010,202,,0,0.0,7*46
$PFLAU,1,1,2,1,3,-4,2,21,23,07C010,33052D,5,574,1375*52
$PFLAA,3,23,-1,22,3,07C010!FAN_07C010,202,,0,0.0,7*45
$PFLAU,1,1,2,1,3,-4,2,22,23,07C010,33052D,5,574,1376*52
$PFLAA,3,20,-1,22,3,07C010!FAN_07C010,202,,0,0.0,7*46
$PFLAU,1,1,2,1,3,-5,2,22,20,07C010,33052D,5,574,1376*50
$PFLAA,3,13,0,23,3,07C010!FAN_07C010,202,,0,0.0,7*6B
$PFLAU,1,1,2,1,3,-2,2,23,14,07C010,33052D,5,575,1376*50
$PFLAA,3,13,0,23,3,07C010!FAN_07C010,202,,0,0.0,7*6B
$PFLAU,1,1,2,1,3,-2,2,23,14,07C010,33052D,5,575,1377*51
$PFLAA,3,13,0,23,3,07C010!FAN_07C010,202,,0,0.0,7*6B
$PFLAU,1,1,2,1,3,-2,2,23,14,07C010,33052D,5,575,1377*51
$PFLAA,3,12,2,21,3,07C010!FAN_07C010,202,,0,0.0,7*6A
$PFLAU,1,1,2,1,3,12,2,21,12,07C010,33052D,5,576,1377*4A
$PFLAA,3,12,2,21,3,07C010!FAN_07C010,202,,0,0.0,7*6A
$PFLAU,1,1,2,1,3,12,2,21,12,07C010,33052D,5,576,1378*45
$PFLAA,3,17,3,21,3,07C010!FAN_07C010,202,,0,0.0,7*6E
$PFLAU,1,1,2,1,3,11,2,21,17,07C010,33052D,5,576,1378*43
$PFLAA,3,12,7,24,3,07C010!FAN_07C010,202,,0,0.0,7*6A
$PFLAU,1,1,2,1,3,31,2,24,14,07C010,33052D,5,577,1379*47
$PFLAA,3,12,7,24,3,07C010!FAN_07C010,202,,0,0.0,7*6A
$PFLAU,1,1,2,1,3,31,2,24,14,07C010,33052D,5,577,1379*47
$PFLAA,3,12,7,24,3,07C010!FAN_07C010,202,,0,0.0,7*6A
$PFLAU,1,1,2,1,3,31,2,24,14,07C010,33052D,5,577,1379*47
$PFLAA,3,1,16,26,3,07C010!FAN_07C010,202,,0,0.0,7*6A
$PFLAU,1,1,2,1,3,84,2,26,16,07C010,33052D,5,578,1380*40
$PFLAA,3,1,16,26,3,07C010!FAN_07C010,202,,0,0.0,7*6A
$PFLAU,1,1,2,1,3,84,2,26,16,07C010,33052D,5,578,1380*40
$PFLAA,3,1,16,26,3,07C010!FAN_07C010,202,,0,0.0,7*6A
$PFLAU,1,1,2,1,3,84,2,26,16,07C010,33052D,5,578,1380*40
$PFLAU,0,0,0,1,0,,0,,,,33052D,5,579,1380*38
$PFLAU,0,0,0,1,0,,0,,,,33052D,5,579,1380*38
$PFLAU,0,0,0,1,0,,0,,,,33052D,5,579,1380*38
$PFLAA,3,-5,16,24,3,07C010!FAN_07C010,202,,0,0.0,7*41
$PFLAU,1,1,2,1,3,108,2,24,17,07C010,33052D,5,580,1381*70
$PFLAA,3,-5,16,23,3,07C010!FAN_07C010,202,,0,0.0,7*46
$PFLAU,1,1,2,1,3,108,2,23,17,07C010,33052D,5,580,1381*77
$PFLAA,3,-5,16,23,3,07C010!FAN_07C010,202,,0,0.0,7*46
$PFLAU,1,1,2,1,3,108,2,23,17,07C010,33052D,5,580,1381*77
$PFLAA,3,-5,16,23,3,07C010!FAN_07C010,202,,0,0.0,7*46
$PFLAU,1,1,2,1,3,108,2,23,17,07C010,33052D,5,580,1382*74
$PFLAA,3,-21,29,22,3,07C010!FAN_07C010,202,,1,0.0,7*7C
$PFLAU,1,1,2,1,3,127,2,22,36,07C010,33052D,5,581,1382*7A
$PFLAA,3,-21,29,22,3,07C010!FAN_07C010,202,,1,0.0,7*7C
$PFLAU,1,1,2,1,3,127,2,22,36,07C010,33052D,5,581,1382*7A
$PFLAA,3,-17,24,22,3,07C010!FAN_07C010,202,,1,0.0,7*74
$PFLAU,1,1,2,1,3,126,2,22,30,07C010,33052D,5,581,1383*7C
$PFLAA,3,-18,25,21,3,07C010!FAN_07C010,202,,1,0.0,7*79
$PFLAU,1,1,2,1,3,126,2,21,31,07C010,33052D,5,582,1383*7D
$PFLAA,3,-18,25,21,3,07C010!FAN_07C010,202,,1,0.0,7*79
$PFLAU,1,1,2,1,3,126,2,21,31,07C010,33052D,5,582,1383*7D
$PFLAA,3,-18,25,20,3,07C010!FAN_07C010,202,,1,0.0,7*78
$PFLAU,1,1,2,1,3,126,2,20,31,07C010,33052D,5,582,1384*7B
$PFLAA,3,-11,27,20,3,07C010!FAN_07C010,202,,1,0.0,7*73
$PFLAU,1,1,2,1,3,113,2,20,29,07C010,33052D,5,583,1384*75
$PFLAA,3,-11,27,19,3,07C010!FAN_07C010,202,,1,0.0,7*79
$PFLAU,1,1,2,1,3,113,2,19,29,07C010,33052D,5,583,1384*7F
$PFLAA,3,-10,27,19,3,07C010!FAN_07C010,202,,1,0.0,7*78
$PFLAU,1,1,2,1,3,111,2,19,29,07C010,33052D,5,583,1385*7C
$PFLAA,3,-9,27,18,3,07C010!FAN_07C010,202,,0,0.0,7*40
$PFLAU,1,1,2,1,3,110,2,18,29,07C010,33052D,5,584,1385*7B
$PFLAA,3,-9,27,19,3,07C010!FAN_07C010,202,,0,0.0,7*41
$PFLAU,1,1,2,1,3,110,2,19,29,07C010,33052D,5,584,1385*7A
$PFLAA,3,-8,22,19,3,07C010!FAN_07C010,202,,1,0.0,7*44
$PFLAU,1,1,2,1,3,111,2,19,24,07C010,33052D,5,585,1385*77
$PFLAA,3,-8,22,20,3,07C010!FAN_07C010,202,,1,0.0,7*4E
$PFLAU,1,1,2,1,3,111,2,20,24,07C010,33052D,5,585,1386*7E
$PFLAA,3,-8,22,20,3,07C010!FAN_07C010,202,,1,0.0,7*4E
$PFLAU,1,1,2,1,3,111,2,20,24,07C010,33052D,5,585,1386*7E
$PFLAA,3,-6,17,20,3,07C010!FAN_07C010,202,,1,0.0,7*46
$PFLAU,1,1,2,1,3,111,2,20,18,07C010,33052D,5,585,1386*71
$PFLAA,3,-4,16,19,3,07C010!FAN_07C010,202,,1,0.0,7*4F
$PFLAU,1,1,2,1,3,105,2,19,17,07C010,33052D,5,586,1387*73
$PFLAA,3,-3,17,18,3,07C010!FAN_07C010,202,,1,0.0,7*48
$PFLAU,1,1,2,1,3,103,2,18,17,07C010,33052D,5,586,1387*74
$PFLAA,3,-3,17,18,3,07C010!FAN_07C010,202,,1,0.0,7*48
$PFLAU,1,1,2,1,3,103,2,18,17,07C010,33052D,5,586,1388*7B
$PFLAA,3,0,25,17,3,07C010!FAN_07C010,202,,0,0.0,7*69
$PFLAU,1,1,2,1,3,91,2,17,25,07C010,33052D,5,587,1388*4E
$PFLAA,3,0,25,16,3,07C010!FAN_07C010,202,,0,0.0,7*68
$PFLAU,1,1,2,1,3,91,2,16,25,07C010,33052D,5,587,1388*4F
$PFLAA,3,1,19,15,3,07C010!FAN_07C010,202,,0,0.0,7*65
$PFLAU,1,1,2,1,3,87,2,15,19,07C010,33052D,5,587,1389*45
$PFLAA,3,2,19,12,3,07C010!FAN_07C010,202,,0,0.0,7*61
$PFLAU,1,1,2,1,3,83,2,12,19,07C010,33052D,5,588,1389*49
$PFLAA,3,7,16,11,3,07C010!FAN_07C010,202,,0,0.0,7*68
$PFLAU,1,1,2,1,3,66,2,11,18,07C010,33052D,5,588,1389*40
$PFLAA,3,9,17,10,3,07C010!FAN_07C010,202,,2,0.0,7*64
$PFLAU,1,1,2,1,3,61,2,10,19,07C010,33052D,5,589,1390*4E
$PFLAA,3,9,17,10,3,07C010!FAN_07C010,202,,2,0.0,7*64
$PFLAU,1,1,2,1,3,61,2,10,19,07C010,33052D,5,589,1390*4E
$PFLAA,3,9,17,9,3,07C010!FAN_07C010,202,,2,0.0,7*5C
$PFLAU,1,1,2,1,3,61,2,9,19,07C010,33052D,5,589,1390*76
$PFLAA,3,9,22,8,3,07C010!FAN_07C010,202,,2,0.0,7*5B
$PFLAU,1,1,2,1,3,68,2,8,24,07C010,33052D,5,589,1391*71
$PFLAA,3,9,22,7,3,07C010!FAN_07C010,202,,2,0.0,7*54
$PFLAU,1,1,2,1,3,68,2,7,24,07C010,33052D,5,589,1391*7E
$PFLAA,3,10,23,7,3,07C010!FAN_07C010,202,,2,0.0,7*6D
$PFLAU,1,1,2,1,3,67,2,7,25,07C010,33052D,5,589,1391*70
$PFLAU,0,1,2,1,0,,0,,,,33052D,5,589,1392*37
$PFLAA,3,7,26,2,3,07C010!FAN_07C010,202,,2,0.0,7*5B
$PFLAU,1,1,2,1,3,74,2,2,28,07C010,33052D,5,590,1392*71
$PFLAA,3,7,26,1,3,07C010!FAN_07C010,202,,2,0.0,7*58
$PFLAU,1,1,2,1,3,74,2,1,28,07C010,33052D,5,590,1392*72
$PFLAA,3,6,27,1,3,07C010!FAN_07C010,202,,2,0.0,7*58
$PFLAU,1,1,2,1,3,77,2,1,28,07C010,33052D,5,590,1393*70
$PFLAA,3,6,27,0,3,07C010!FAN_07C010,202,,2,0.0,7*59
$PFLAU,1,1,2,1,3,77,2,0,28,07C010,33052D,5,590,1393*71
$PFLAA,3,7,27,0,3,07C010!FAN_07C010,202,,2,0.0,7*58
$PFLAU,1,1,2,1,3,75,2,0,28,07C010,33052D,5,591,1393*72
$PFLAA,3,7,27,0,3,07C010!FAN_07C010,202,,2,0.0,7*58
$PFLAU,1,1,2,1,3,75,2,0,28,07C010,33052D,5,591,1394*75
$PFLAA,3,12,20,-1,3,07C010!FAN_07C010,202,,2,0.0,7*47
$PFLAU,1,1,2,1,3,59,2,-1,24,07C010,33052D,5,591,1394*5B
$PFLAA,3,14,15,-1,3,07C010!FAN_07C010,202,,2,0.0,7*47
$PFLAU,1,1,2,1,3,48,2,-1,21,07C010,33052D,5,592,1394*5D
$PFLAA,3,14,14,-1,3,07C010!FAN_07C010,202,,2,0.0,7*46
$PFLAU,1,1,2,1,3,45,2,-1,20,07C010,33052D,5,592,1394*51
$PFLAA,3,14,14,0,3,07C010!FAN_07C010,202,,2,0.0,7*6A
$PFLAU,1,1,2,1,3,45,2,0,20,07C010,33052D,5,592,1395*7C
$PFLAA,3,8,17,-3,3,07C010!FAN_07C010,202,,1,0.0,7*79
$PFLAU,1,1,2,1,3,65,2,-3,19,07C010,33052D,5,593,1395*5B
$PFLAA,3,8,17,-2,3,07C010!FAN_07C010,202,,1,0.0,7*78
$PFLAU,1,1,2,1,3,65,2,-2,19,07C010,33052D,5,593,1396*59
$PFLAA,3,12,13,-3,3,07C010!FAN_07C010,202,,0,0.0,7*47
$PFLAU,1,1,2,1,3,48,2,-3,18,07C010,33052D,5,594,1396*51
$PFLAA,3,12,13,-1,3,07C010!FAN_07C010,202,,0,0.0,7*45
$PFLAU,1,1,2,1,3,48,2,-1,18,07C010,33052D,5,594,1396*53
$PFLAA,3,11,12,0,3,07C010!FAN_07C010,202,,0,0.0,7*6B
$PFLAU,1,1,2,1,3,49,2,0,17,07C010,33052D,5,594,1396*71
$PFLAA,3,9,13,0,3,07C010!FAN_07C010,202,,1,0.0,7*52
$PFLAU,1,1,2,1,3,55,2,0,15,07C010,33052D,5,595,1397*7E
$PFLAA,3,9,13,0,3,07C010!FAN_07C010,202,,1,0.0,7*52
$PFLAU,1,1,2,1,3,55,2,0,15,07C010,33052D,5,595,1397*7E
$PFLAA,3,9,13,-1,3,07C010!FAN_07C010,202,,1,0.0,7*7E
$PFLAU,1,1,2,1,3,55,2,-1,15,07C010,33052D,5,595,1397*52
$PFLAA,3,7,13,-2,3,07C010!FAN_07C010,202,,1,0.0,7*73
$PFLAU,1,1,2,1,3,60,2,-2,15,07C010,33052D,5,596,1398*5B
$PFLAA,3,7,13,-4,3,07C010!FAN_07C010,202,,1,0.0,7*75
$PFLAU,1,1,2,1,3,60,2,-4,15,07C010,33052D,5,596,1398*5D
$PFLAA,3,4,14,-5,3,07C010!FAN_07C010,202,,1,0.0,7*70
$PFLAU,1,1,2,1,3,73,2,-5,15,07C010,33052D,5,596,1398*5E
$PFLAA,3,2,14,-3,3,07C010!FAN_07C010,202,,1,0.0,7*70
$PFLAU,1,1,2,1,3,81,2,-3,14,07C010,33052D,5,597,1399*54
$PFLAA,3,2,14,-3,3,07C010!FAN_07C010,202,,1,0.0,7*70
$PFLAU,1,1,2,1,3,81,2,-3,14,07C010,33052D,5,597,1399*54
$PFLAA,3,2,14,-2,3,07C010!FAN_07C010,202,,1,0.0,7*71
$PFLAU,1,1,2,1,3,81,2,-2,14,07C010,33052D,5,597,1400*52
$PFLAA,3,3,13,0,3,07C010!FAN_07C010,202,,0,0.0,7*59
$PFLAU,1,1,2,1,3,77,2,0,14,07C010,33052D,5,598,1400*7B
$PFLAA,3,3,13,0,3,07C010!FAN_07C010,202,,0,0.0,7*59
$PFLAU,1,1,2,1,3,77,2,0,14,07C010,33052D,5,598,1400*7B
$PFLAA,3,6,11,0,3,07C010!FAN_07C010,202,,0,0.0,7*5E
$PFLAU,1,1,2,1,3,60,2,0,13,07C010,33052D,5,598,1401*7B
$PFLAA,3,6,8,2,3,07C010!FAN_07C010,202,,0,0.0,7*64
$PFLAU,1,1,2,1,3,55,2,2,10,07C010,33052D,5,599,1401*7D
$PFLAA,3,6,8,2,3,07C010!FAN_07C010,202,,0,0.0,7*64
$PFLAU,1,1,2,1,3,55,2,2,10,07C010,33052D,5,599,1401*7D
$PFLAA,3,6,8,2,3,07C010!FAN_07C010,202,,0,0.0,7*64
$PFLAU,1,1,2,1,3,55,2,2,10,07C010,33052D,5,599,1402*7E
$PFLAA,3,4,10,4,3,07C010!FAN_07C010,202,,0,0.0,7*59
$PFLAU,1,1,2,1,3,65,2,4,11,07C010,33052D,5,600,1402*79
$PFLAA,3,4,10,5,3,07C010!FAN_07C010,202,,0,0.0,7*58
$PFLAU,1,1,2,1,3,65,2,5,11,07C010,33052D,5,600,1402*78
$PFLAA,3,5,10,5,3,07C010!FAN_07C010,202,,0,0.0,7*59
$PFLAU,1,1,2,1,3,61,2,5,11,07C010,33052D,5,600,1403*7D
$PFLAA,3,8,9,5,3,07C010!FAN_07C010,202,,2,0.0,7*6E
$PFLAU,1,1,2,1,3,49,2,5,12,07C010,33052D,5,601,1403*75
$PFLAA,3,8,9,4,3,07C010!FAN_07C010,202,,2,0.0,7*6F
$PFLAU,1,1,2,1,3,49,2,4,12,07C010,33052D,5,601,1403*74
$PFLAA,3,8,9,3,3,07C010!FAN_07C010,202,,2,0.0,7*68
$PFLAU,1,1,2,1,3,49,2,3,12,07C010,33052D,5,601,1404*74
$PFLAA,3,3,14,-2,3,07C010!FAN_07C010,202,,1,0.0,7*70
$PFLAU,1,1,2,1,3,75,2,-2,15,07C010,33052D,5,602,1404*53
$PFLAA,3,3,14,-3,3,07C010!FAN_07C010,202,,1,0.0,7*71
$PFLAU,1,1,2,1,3,75,2,-3,15,07C010,33052D,5,602,1404*52
$PFLAA,3,-1,15,-3,3,07C010!FAN_07C010,202,,1,0.0,7*5F
$PFLAU,1,1,2,1,3,97,2,-3,15,07C010,33052D,5,602,1405*5F
$PFLAA,3,-7,15,-5,3,07C010!FAN_07C010,202,,2,0.0,7*5C
$PFLAU,1,1,2,1,3,118,2,-5,17,07C010,33052D,5,603,1405*6C
$PFLAA,3,-7,15,-5,3,07C010!FAN_07C010,202,,2,0.0,7*5C
$PFLAU,1,1,2,1,3,118,2,-5,17,07C010,33052D,5,603,1406*6F
$PFLAA,3,-7,15,-5,3,07C010!FAN_07C010,202,,2,0.0,7*5C
$PFLAU,1,1,2,1,3,118,2,-5,17,07C010,33052D,5,603,1406*6F
$PFLAA,3,-3,10,-7,3,07C010!FAN_07C010,202,,0,0.0,7*5D
$PFLAU,1,1,2,1,3,108,2,-7,10,07C010,33052D,5,604,1406*6C
$PFLAA,3,-3,10,-8,3,07C010!FAN_07C010,202,,0,0.0,7*52
$PFLAU,1,1,2,1,3,108,2,-8,10,07C010,33052D,5,604,1406*63
$PFLAA,3,-11,8,-8,3,07C010!FAN_07C010,202,,0,0.0,7*58
$PFLAU,1,1,2,1,3,144,2,-8,14,07C010,33052D,5,604,1407*6E
$PFLAA,3,-16,8,-12,3,07C010!FAN_07C010,202,,0,0.0,7*64
$PFLAU,1,1,2,1,3,153,2,-12,18,07C010,33052D,5,605,1407*5E
$PFLAA,3,-16,8,-11,3,07C010!FAN_07C010,202,,0,0.0,7*67
$PFLAU,1,1,2,1,3,153,2,-11,18,07C010,33052D,5,605,1408*52
$PFLAA,3,-12,5,-9,3,07C010!FAN_07C010,202,,1,0.0,7*56
$PFLAU,1,1,2,1,3,156,2,-9,13,07C010,33052D,5,606,1408*66
$PFLAA,3,-12,5,-8,3,07C010!FAN_07C010,202,,1,0.0,7*57
$PFLAU,1,1,2,1,3,156,2,-8,13,07C010,33052D,5,606,1408*67
$PFLAA,3,-12,5,-7,3,07C010!FAN_07C010,202,,1,0.0,7*58
$PFLAU,1,1,2,1,3,156,2,-7,13,07C010,33052D,5,606,1409*69
$PFLAA,3,-15,7,-11,3,07C010!FAN_07C010,202,,1,0.0,7*6A
$PFLAU,1,1,2,1,3,153,2,-11,17,07C010,33052D,5,607,1409*5E
$PFLAA,3,-15,7,-9,3,07C010!FAN_07C010,202,,1,0.0,7*53
$PFLAU,1,1,2,1,3,153,2,-9,17,07C010,33052D,5,607,1409*67
$PFLAA,3,-15,8,-8,3,07C010!FAN_07C010,202,,1,0.0,7*5D
$PFLAU,1,1,2,1,3,151,2,-8,17,07C010,33052D,5,607,1410*6C
$PFLAA,3,-11,7,-7,3,07C010!FAN_07C010,202,,0,0.0,7*58
$PFLAU,1,1,2,1,3,146,2,-7,14,07C010,33052D,5,608,1410*69
$PFLAA,3,-11,7,-6,3,07C010!FAN_07C010,202,,0,0.0,7*59
$PFLAU,1,1,2,1,3,146,2,-6,14,07C010,33052D,5,608,1410*68
$PFLAA,3,-11,7,-6,3,07C010!FAN_07C010,202,,0,0.0,7*59
$PFLAU,1,1,2,1,3,146,2,-6,14,07C010,33052D,5,608,1411*69
$PFLAA,3,-2,3,-7,3,07C010!FAN_07C010,202,,0,0.0,7*6E
$PFLAU,1,1,2,1,3,133,2,-7,4,07C010,33052D,5,609,1411*5A
$PFLAA,3,-2,3,-9,3,07C010!FAN_07C010,202,,0,0.0,7*60
$PFLAU,1,1,2,1,3,133,2,-9,4,07C010,33052D,5,609,1411*54
$PFLAA,3,-1,1,-10,3,07C010!FAN_07C010,202,,0,0.0,7*59
$PFLAU,1,1,2,1,3,144,2,-10,2,07C010,33052D,5,609,1412*69
$PFLAA,3,0,0,-9,3,07C010!FAN_07C010,202,,0,0.0,7*4C
$PFLAU,1,1,2,1,3,37,2,-9,1,07C010,33052D,5,610,1412*6F
$PFLAA,3,0,0,-8,3,07C010!FAN_07C010,202,,0,0.0,7*4D
$PFLAU,1,1,2,1,3,37,2,-8,1,07C010,33052D,5,610,1412*6E
$PFLAA,3,0,0,-7,3,07C010!FAN_07C010,202,,0,0.0,7*42
$PFLAU,1,1,2,1,3,37,2,-7,1,07C010,33052D,5,610,1413*60
$PFLAA,3,0,2,-7,3,07C010!FAN_07C010,202,,0,0.0,7*40
$PFLAU,1,1,2,1,3,81,2,-7,2,07C010,33052D,5,610,1413*6E
$PFLAA,3,2,0,-4,3,07C010!FAN_07C010,202,,0,0.0,7*43
$PFLAU,1,1,2,1,3,15,2,-4,3,07C010,33052D,5,611,1413*60
$PFLAA,3,2,0,-4,3,07C010!FAN_07C010,202,,0,0.0,7*43
$PFLAU,1,1,2,1,3,15,2,-4,3,07C010,33052D,5,611,1413*60
$PFLAA,3,2,0,-4,3,07C010!FAN_07C010,202,,0,0.0,7*43
$PFLAU,1,1,2,1,3,15,2,-4,3,07C010,33052D,5,611,1414*67
$PFLAA,3,3,1,-6,3,07C010!FAN_07C010,202,,1,0.0,7*40
$PFLAU,1,1,2,1,3,18,2,-6,4,07C010,33052D,5,612,1414*6C
$PFLAA,3,3,1,-5,3,07C010!FAN_07C010,202,,1,0.0,7*43
$PFLAU,1,1,2,1,3,18,2,-5,4,07C010,33052D,5,612,1414*6F
$PFLAA,3,9,3,-5,3,07C010!FAN_07C010,202,,1,0.0,7*4B
$PFLAU,1,1,2,1,3,19,2,-5,9,07C010,33052D,5,612,1415*62
$PFLAA,3,12,3,-5,3,07C010!FAN_07C010,202,,0,0.0,7*70
$PFLAU,1,1,2,1,3,18,2,-5,12,07C010,33052D,5,613,1415*58
$PFLAA,3,12,3,-5,3,07C010!FAN_07C010,202,,0,0.0,7*70
$PFLAU,1,1,2,1,3,18,2,-5,12,07C010,33052D,5,613,1415*58
$PFLAA,3,12,3,-6,3,07C010!FAN_07C010,202,,0,0.0,7*73
$PFLAU,1,1,2,1,3,18,2,-6,12,07C010,33052D,5,613,1416*58
$PFLAA,3,2,4,-5,3,07C010!FAN_07C010,202,,0,0.0,7*46
$PFLAU,1,1,2,1,3,66,2,-5,5,07C010,33052D,5,614,1416*63
$PFLAA,3,2,4,-5,3,07C010!FAN_07C010,202,,0,0.0,7*46
$PFLAU,1,1,2,1,3,66,2,-5,5,07C010,33052D,5,614,1416*63
$PFLAA,3,2,4,-5,3,07C010!FAN_07C010,202,,0,0.0,7*46
$PFLAU,1,1,2,1,3,66,2,-5,5,07C010,33052D,5,614,1416*63
$PFLAA,3,5,4,-4,3,07C010!FAN_07C010,202,,0,0.0,7*40
$PFLAU,1,1,2,1,3,37,2,-4,6,07C010,33052D,5,615,1417*65
$PFLAA,3,5,4,-3,3,07C010!FAN_07C010,202,,0,0.0,7*47
$PFLAU,1,1,2,1,3,37,2,-3,6,07C010,33052D,5,615,1417*62
$PFLAA,3,5,4,-3,3,07C010!FAN_07C010,202,,0,0.0,7*47
$PFLAU,1,1,2,1,3,37,2,-3,6,07C010,33052D,5,615,1417*62
$PFLAA,3,4,0,-4,3,07C010!FAN_07C010,202,,1,0.0,7*44
$PFLAU,1,1,2,1,3,8,2,-4,4,07C010,33052D,5,616,1418*57
$PFLAA,3,4,0,-4,3,07C010!FAN_07C010,202,,1,0.0,7*44
$PFLAU,1,1,2,1,3,8,2,-4,4,07C010,33052D,5,616,1418*57
$PFLAA,3,4,0,-4,3,07C010!FAN_07C010,202,,1,0.0,7*44
$PFLAU,1,1,2,1,3,8,2,-4,4,07C010,33052D,5,616,1418*57
$PFLAA,3,4,0,-4,3,07C010!FAN_07C010,202,,1,0.0,7*44
$PFLAU,1,1,2,1,3,8,2,-4,4,07C010,33052D,5,616,1419*56
$PFLAA,3,5,3,0,3,07C010!FAN_07C010,202,,1,0.0,7*6F
$PFLAU,1,1,2,1,3,33,2,0,7,07C010,33052D,5,617,1419*45
$PFLAA,3,5,3,0,3,07C010!FAN_07C010,202,,1,0.0,7*6F
$PFLAU,1,1,2,1,3,33,2,0,7,07C010,33052D,5,617,1419*45
$PFLAA,3,3,5,1,3,07C010!FAN_07C010,202,,1,0.0,7*6E
$PFLAU,1,1,2,1,3,60,2,1,6,07C010,33052D,5,618,1420*46
$PFLAA,3,3,5,1,3,07C010!FAN_07C010,202,,1,0.0,7*6E
$PFLAU,1,1,2,1,3,60,2,1,6,07C010,33052D,5,618,1420*46
$PFLAA,3,3,5,2,3,07C010!FAN_07C010,202,,1,0.0,7*6D
$PFLAU,1,1,2,1,3,60,2,2,6,07C010,33052D,5,618,1420*45
$PFLAA,3,7,6,3,3,07C010!FAN_07C010,202,,0,0.0,7*6A
$PFLAU,1,1,2,1,3,41,2,3,10,07C010,33052D,5,619,1421*70
$PFLAA,3,7,6,3,3,07C010!FAN_07C010,202,,0,0.0,7*6A
$PFLAU,1,1,2,1,3,41,2,3,10,07C010,33052D,5,619,1421*70
$PFLAA,3,7,6,2,3,07C010!FAN_07C010,202,,0,0.0,7*6B
$PFLAU,1,1,2,1,3,41,2,2,10,07C010,33052D,5,619,1421*71
$PFLAA,3,6,11,4,3,07C010!FAN_07C010,277,,2,0.0,7*5A
$PFLAU,1,1,2,1,3,60,2,4,12,07C010,33052D,5,620,1422*7F
$PFLAA,3,6,11,5,3,07C010!FAN_07C010,277,,2,0.0,7*5B
$PFLAU,1,1,2,1,3,60,2,5,12,07C010,33052D,5,620,1422*7E
$PFLAA,3,6,11,5,3,07C010!FAN_07C010,277,,2,0.0,7*5B
$PFLAU,1,1,2,1,3,60,2,5,12,07C010,33052D,5,620,1422*7E
$PFLAA,3,-2,5,7,3,07C010!FAN_07C010,277,,0,0.0,7*47
$PFLAU,1,1,2,1,3,110,2,7,6,07C010,33052D,5,621,1422*7E
$PFLAA,3,-2,5,8,3,07C010!FAN_07C010,277,,0,0.0,7*48
$PFLAU,1,1,2,1,3,110,2,8,6,07C010,33052D,5,621,1423*70
$PFLAA,3,-2,5,8,3,07C010!FAN_07C010,277,,0,0.0,7*48
$PFLAU,1,1,2,1,3,110,2,8,6,07C010,33052D,5,621,1423*70
$PFLAA,3,-2,3,9,3,07C010!FAN_07C010,277,,1,0.0,7*4E
$PFLAU,1,1,2,1,3,132,2,9,4,07C010,33052D,5,622,1423*70
$PFLAA,3,-2,3,9,3,07C010!FAN_07C010,277,,1,0.0,7*4E
$PFLAU,1,1,2,1,3,132,2,9,4,07C010,33052D,5,622,1424*77
$PFLAA,3,-2,3,9,3,07C010!FAN_07C010,277,,1,0.0,7*4E
$PFLAU,1,1,2,1,3,132,2,9,4,07C010,33052D,5,622,1424*77
$PFLAA,3,-8,5,9,3,07C010!FAN_07C010,277,,0,0.0,7*43
$PFLAU,1,1,2,1,3,147,2,9,9,07C010,33052D,5,623,1424*79
$PFLAA,3,-8,5,9,3,07C010!FAN_07C010,277,,0,0.0,7*43
$PFLAU,1,1,2,1,3,147,2,9,9,07C010,33052D,5,623,1425*78
$PFLAA,3,-8,5,9,3,07C010!FAN_07C010,277,,0,0.0,7*43
$PFLAU,1,1,2,1,3,147,2,9,9,07C010,33052D,5,623,1425*78
$PFLAA,3,-6,3,10,3,07C010!FAN_07C010,277,,0,0.0,7*73
$PFLAU,1,1,2,1,3,150,2,10,7,07C010,33052D,5,624,1426*4C
$PFLAA,3,-6,3,10,3,07C010!FAN_07C010,277,,0,0.0,7*73
$PFLAU,1,1,2,1,3,150,2,10,7,07C010,33052D,5,624,1426*4C
$PFLAA,3,-6,3,10,3,07C010!FAN_07C010,277,,0,0.0,7*73
$PFLAU,1,1,2,1,3,150,2,10,7,07C010,33052D,5,624,1426*4C
$PFLAA,3,-7,2,9,3,07C010!FAN_07C010,217,,2,0.0,7*4F
$PFLAU,1,1,2,1,3,160,2,9,7,07C010,33052D,5,625,1426*76
$PFLAA,3,-7,2,8,3,07C010!FAN_07C010,217,,2,0.0,7*4E
$PFLAU,1,1,2,1,3,160,2,8,7,07C010,33052D,5,625,1427*76
$PFLAA,3,-7,2,8,3,07C010!FAN_07C010,217,,2,0.0,7*4E
$PFLAU,1,1,2,1,3,160,2,8,7,07C010,33052D,5,625,1427*76
$PFLAA,3,-8,4,9,3,07C010!FAN_07C010,217,,0,0.0,7*44
$PFLAU,1,1,2,1,3,155,2,9,9,07C010,33052D,5,626,1427*7C
$PFLAA,3,-8,4,9,3,07C010!FAN_07C010,217,,0,0.0,7*44
$PFLAU,1,1,2,1,3,155,2,9,9,07C010,33052D,5,626,1428*73
$PFLAU,0,0,0,1,0,,0,,,,33052D,5,626,1428*34
$PFLAU,0,0,0,1,0,,0,,,,33052D,5,627,1428*35
$PFLAU,0,0,0,1,0,,0,,,,33052D,5,627,1428*35
$PFLAU,0,0,0,1,0,,0,,,,33052D,5,627,1428*35
$PFLAU,0,1,2,1,0,,0,,,,33052D,5,628,1429*38
$PFLAU,0,1,2,1,0,,0,,,,33052D,5,628,1429*38
$PFLAU,0,1,2,1,0,,0,,,,33052D,5,628,1430*30
$PFLAA,3,3,-2,11,3,07C010!FAN_07C010,217,,1,0.0,7*71
$PFLAU,1,1,2,1,3,-31,2,11,3,07C010,33052D,5,629,1430*58
$PFLAA,3,3,-2,11,3,07C010!FAN_07C010,217,,1,0.0,7*71
$PFLAU,1,1,2,1,3,-31,2,11,3,07C010,33052D,5,629,1430*58
$PFLAA,3,3,-2,11,3,07C010!FAN_07C010,217,,1,0.0,7*71
$PFLAU,1,1,2,1,3,-31,2,11,3,07C010,33052D,5,629,1431*59
$PFLAA,3,4,-6,12,3,07C010!FAN_07C010,217,,0,0.0,7*70
$PFLAU,1,1,2,1,3,-55,2,12,8,07C010,33052D,5,630,1431*5B
$PFLAA,3,4,-6,12,3,07C010!FAN_07C010,217,,0,0.0,7*70
$PFLAU,1,1,2,1,3,-55,2,12,8,07C010,33052D,5,630,1431*5B
$PFLAA,3,-4,-13,12,3,07C010!FAN_07C010,217,,0,0.0,7*69
$PFLAU,1,1,2,1,3,-107,2,12,14,07C010,33052D,5,630,1432*53
$PFLAA,3,-6,-15,14,3,07C010!FAN_07C010,217,,0,0.0,7*6B
$PFLAU,1,1,2,1,3,-113,2,14,16,07C010,33052D,5,631,1432*53
$PFLAA,3,-6,-15,14,3,07C010!FAN_07C010,217,,0,0.0,7*6B
$PFLAU,1,1,2,1,3,-113,2,14,16,07C010,33052D,5,631,1432*53
$PFLAA,3,-6,-15,14,3,07C010!FAN_07C010,217,,0,0.0,7*6B
$PFLAU,1,1,2,1,3,-113,2,14,16,07C010,33052D,5,631,1432*53
$PFLAA,3,-11,-19,14,3,07C010!FAN_07C010,217,,0,0.0,7*51
$PFLAU,1,1,2,1,3,-119,2,14,22,07C010,33052D,5,632,1433*5C
$PFLAA,3,-11,-19,14,3,07C010!FAN_07C010,217,,0,0.0,7*51
$PFLAU,1,1,2,1,3,-119,2,14,22,07C010,33052D,5,632,1433*5C
$PFLAA,3,-11,-19,14,3,07C010!FAN_07C010,217,,0,0.0,7*51
$PFLAU,1,1,2,1,3,-119,2,14,22,07C010,33052D,5,632,1433*5C
$PFLAA,3,-11,-19,15,3,07C010!FAN_07C010,217,,0,0.0,7*50
$PFLAU,1,1,2,1,3,-120,2,15,22,07C010,33052D,5,633,1434*51
$PFLAA,3,-11,-19,15,3,07C010!FAN_07C010,217,,0,0.0,7*50
$PFLAU,1,1,2,1,3,-120,2,15,22,07C010,33052D,5,633,1434*51
$PFLAA,3,-11,-19,15,3,07C010!FAN_07C010,217,,0,0.0,7*50
$PFLAU,1,1,2,1,3,-120,2,15,22,07C010,33052D,5,633,1434*51
$PFLAA,3,-13,-22,17,3,07C010!FAN_07C010,217,,0,0.0,7*58
$PFLAU,1,1,2,1,3,-121,2,17,26,07C010,33052D,5,634,1435*50
$PFLAA,3,-13,-22,17,3,07C010!FAN_07C010,217,,0,0.0,7*58
$PFLAU,1,1,2,1,3,-121,2,17,26,07C010,33052D,5,634,1435*50
$PFLAA,3,-14,-22,17,3,07C010!FAN_07C010,217,,0,0.0,7*5F
$PFLAU,1,1,2,1,3,-122,2,17,27,07C010,33052D,5,634,1435*52
$PFLAA,3,-14,-22,17,3,07C010!FAN_07C010,217,,0,0.0,7*5F
$PFLAU,1,1,2,1,3,-122,2,17,27,07C010,33052D,5,634,1436*51
$PFLAA,3,-8,-24,18,3,07C010!FAN_07C010,217,,0,0.0,7*6B
$PFLAU,1,1,2,1,3,-109,2,18,25,07C010,33052D,5,635,1436*54
$PFLAA,3,-8,-24,18,3,07C010!FAN_07C010,217,,0,0.0,7*6B
$PFLAU,1,1,2,1,3,-109,2,18,25,07C010,33052D,5,635,1436*54
$PFLAA,3,-8,-24,18,3,07C010!FAN_07C010,217,,0,0.0,7*6B
$PFLAU,1,1,2,1,3,-110,2,18,25,07C010,33052D,5,635,1436*5C
$PFLAA,3,-7,-25,19,3,07C010!FAN_07C010,277,,1,0.0,7*63
$PFLAU,1,1,2,1,3,-107,2,19,26,07C010,33052D,5,636,1437*5A
$PFLAA,3,-7,-25,19,3,07C010!FAN_07C010,277,,1,0.0,7*63
$PFLAU,1,1,2,1,3,-107,2,19,26,07C010,33052D,5,636,1437*5A
$PFLAA,3,-7,-25,19,3,07C010!FAN_07C010,277,,1,0.0,7*63
$PFLAU,1,1,2,1,3,-107,2,19,26,07C010,33052D,5,636,1437*5A
$PFLAA,3,-10,-26,19,3,07C010!FAN_07C010,277,,1,0.0,7*56
$PFLAU,1,1,2,1,3,-112,2,19,28,07C010,33052D,5,636,1438*5F
$PFLAA,3,-8,-28,21,3,07C010!FAN_07C010,277,,1,0.0,7*6A
$PFLAU,1,1,2,1,3,-106,2,21,29,07C010,33052D,5,637,1438*51
$PFLAA,3,-8,-28,21,3,07C010!FAN_07C010,277,,1,0.0,7*6A
$PFLAU,1,1,2,1,3,-106,2,21,29,07C010,33052D,5,637,1438*51
$PFLAA,3,-9,-32,22,3,07C010!FAN_07C010,277,,0,0.0,7*62
$PFLAU,1,1,2,1,3,-107,2,22,33,07C010,33052D,5,638,1439*56
$PFLAA,3,-9,-32,22,3,07C010!FAN_07C010,277,,0,0.0,7*62
$PFLAU,1,1,2,1,3,-107,2,22,33,07C010,33052D,5,638,1439*56
$PFLAA,3,-9,-32,22,3,07C010!FAN_07C010,277,,0,0.0,7*62
$PFLAU,1,1,2,1,3,-107,2,22,33,07C010,33052D,5,638,1439*56
$PFLAA,3,-10,-33,22,3,07C010!FAN_07C010,277,,0,0.0,7*5B
$PFLAU,1,1,2,1,3,-107,2,22,34,07C010,33052D,5,638,1440*5F
$PFLAA,3,-10,-31,22,3,07C010!FAN_07C010,277,,1,0.0,7*58
$PFLAU,1,1,2,1,3,-109,2,22,32,07C010,33052D,5,639,1440*56
$PFLAA,3,-10,-31,22,3,07C010!FAN_07C010,277,,1,0.0,7*58
$PFLAU,1,1,2,1,3,-109,2,22,32,07C010,33052D,5,639,1440*56
$PFLAA,3,-10,-31,22,3,07C010!FAN_07C010,277,,1,0.0,7*58
$PFLAU,1,1,2,1,3,-109,2,22,32,07C010,33052D,5,639,1440*56
$PFLAA,3,-2,-30,22,3,07C010!FAN_07C010,277,,0,0.0,7*6B
$PFLAU,1,1,2,1,3,-94,2,22,30,07C010,33052D,5,640,1441*6E
$PFLAA,3,-2,-30,22,3,07C010!FAN_07C010,277,,0,0.0,7*6B
$PFLAU,1,1,2,1,3,-94,2,22,30,07C010,33052D,5,640,1441*6E
$PFLAA,3,6,-28,22,3,07C010!FAN_07C010,277,,0,0.0,7*4B
$PFLAU,1,1,2,1,3,-77,2,22,29,07C010,33052D,5,640,1442*68
$PFLAA,3,8,-26,21,3,07C010!FAN_07C010,277,,0,0.0,7*48
$PFLAU,1,1,2,1,3,-73,2,21,27,07C010,33052D,5,641,1442*60
$PFLAA,3,8,-26,21,3,07C010!FAN_07C010,277,,0,0.0,7*48
$PFLAU,1,1,2,1,3,-73,2,21,27,07C010,33052D,5,641,1442*60
$PFLAA,3,8,-26,21,3,07C010!FAN_07C010,277,,0,0.0,7*48
$PFLAU,1,1,2,1,3,-73,2,21,27,07C010,33052D,5,641,1443*61
$PFLAA,3,11,-19,20,3,07C010!FAN_07C010,277,,1,0.0,7*7C
$PFLAU,1,1,2,1,3,-59,2,20,22,07C010,33052D,5,642,1443*6E
$PFLAA,3,11,-19,20,3,07C010!FAN_07C010,277,,1,0.0,7*7C
$PFLAU,1,1,2,1,3,-59,2,20,22,07C010,33052D,5,642,1443*6E
$PFLAA,3,12,-18,20,3,07C010!FAN_07C010,277,,1,0.0,7*7E
$PFLAU,1,1,2,1,3,-56,2,20,21,07C010,33052D,5,642,1444*65
$PFLAA,3,12,-18,20,3,07C010!FAN_07C010,277,,1,0.0,7*7E
$PFLAU,1,1,2,1,3,-56,2,20,21,07C010,33052D,5,642,1444*65
$PFLAA,3,12,-16,20,3,07C010!FAN_07C010,277,,1,0.0,7*70
$PFLAU,1,1,2,1,3,-53,2,20,20,07C010,33052D,5,642,1444*61
$PFLAA,3,16,-12,22,3,07C010!FAN_07C010,277,,0,0.0,7*73
$PFLAU,1,1,2,1,3,-37,2,22,21,07C010,33052D,5,643,1445*60
$PFLAA,3,16,-12,22,3,07C010!FAN_07C010,277,,0,0.0,7*73
$PFLAU,1,1,2,1,3,-37,2,22,21,07C010,33052D,5,643,1445*60
$PFLAA,3,16,-12,22,3,07C010!FAN_07C010,277,,0,0.0,7*73
$PFLAU,1,1,2,1,3,-37,2,22,21,07C010,33052D,5,643,1445*60
$PFLAA,3,18,0,22,3,07C010!FAN_07C010,277,,1,0.0,7*62
$PFLAU,1,1,2,1,3,-2,2,22,18,07C010,33052D,5,644,1446*58
$PFLAA,3,18,0,21,3,07C010!FAN_07C010,277,,1,0.0,7*61
$PFLAU,1,1,2,1,3,-2,2,21,18,07C010,33052D,5,644,1446*5B
$PFLAA,3,18,-6,21,3,07C010!FAN_07C010,277,,1,0.0,7*4A
$PFLAU,1,1,2,1,3,-18,2,21,19,07C010,33052D,5,644,1447*60
$PFLAA,3,17,-8,21,3,07C010!FAN_07C010,277,,1,0.0,7*4B
$PFLAU,1,1,2,1,3,-26,2,21,19,07C010,33052D,5,645,1447*6C
$PFLAA,3,17,-8,21,3,07C010!FAN_07C010,277,,1,0.0,7*4B
$PFLAU,1,1,2,1,3,-26,2,21,19,07C010,33052D,5,645,1447*6C
$PFLAA,3,17,-8,21,3,07C010!FAN_07C010,277,,1,0.0,7*4B
$PFLAU,1,1,2,1,3,-26,2,21,19,07C010,33052D,5,645,1447*6C
$PFLAA,3,25,-14,21,3,07C010!FAN_07C010,277,,1,0.0,7*77
$PFLAU,1,1,2,1,3,-30,2,21,29,07C010,33052D,5,646,1448*64
$PFLAA,3,25,-14,21,3,07C010!FAN_07C010,277,,1,0.0,7*77
$PFLAU,1,1,2,1,3,-30,2,21,29,07C010,33052D,5,646,1448*64
$PFLAA,3,24,-10,22,3,07C010!FAN_07C010,277,,1,0.0,7*71
$PFLAU,1,1,2,1,3,-24,2,22,26,07C010,33052D,5,647,1448*6C
$PFLAA,3,24,-10,22,3,07C010!FAN_07C010,277,,1,0.0,7*71
$PFLAU,1,1,2,1,3,-24,2,22,26,07C010,33052D,5,647,1449*6D
$PFLAA,3,25,-11,22,3,07C010!FAN_07C010,277,,1,0.0,7*71
$PFLAU,1,1,2,1,3,-24,2,22,27,07C010,33052D,5,647,1449*6C
$PFLAA,3,21,-10,22,3,07C010!FAN_07C010,277,,1,0.0,7*74
$PFLAU,1,1,2,1,3,-26,2,22,23,07C010,33052D,5,648,1449*65
$PFLAA,3,21,-10,22,3,07C010!FAN_07C010,277,,1,0.0,7*74
$PFLAU,1,1,2,1,3,-26,2,22,23,07C010,33052D,5,648,1450*6D
$PFLAA,3,21,-10,22,3,07C010!FAN_07C010,277,,1,0.0,7*74
$PFLAU,1,1,2,1,3,-26,2,22,23,07C010,33052D,5,648,1450*6D
$PFLAA,3,18,-6,22,3,07C010!FAN_07C010,277,,1,0.0,7*49
$PFLAU,1,1,2,1,3,-20,2,22,19,07C010,33052D,5,648,1450*62
$PFLAA,3,18,-6,22,3,07C010!FAN_07C010,277,,1,0.0,7*49
$PFLAU,1,1,2,1,3,-20,2,22,19,07C010,33052D,5,648,1451*63
$PFLAA,3,16,-6,22,3,07C010!FAN_07C010,277,,1,0.0,7*47
$PFLAU,1,1,2,1,3,-20,2,22,17,07C010,33052D,5,649,1451*6C
$PFLAA,3,16,-6,24,3,07C010!FAN_07C010,277,,1,0.0,7*41
$PFLAU,1,1,2,1,3,-20,2,24,17,07C010,33052D,5,649,1451*6A
$PFLAA,3,17,-8,24,3,07C010!FAN_07C010,277,,1,0.0,7*4E
$PFLAU,1,1,2,1,3,-26,2,24,19,07C010,33052D,5,649,1452*61
$PFLAA,3,22,-6,24,3,07C010!FAN_07C010,277,,0,0.0,7*47
$PFLAU,1,1,2,1,3,-17,2,24,23,07C010,33052D,5,650,1452*62
$PFLAA,3,22,-6,24,3,07C010!FAN_07C010,277,,0,0.0,7*47
$PFLAU,1,1,2,1,3,-17,2,24,23,07C010,33052D,5,650,1452*62
$PFLAA,3,22,-6,24,3,07C010!FAN_07C010,277,,0,0.0,7*47
$PFLAU,1,1,2,1,3,-17,2,24,23,07C010,33052D,5,650,1453*63
$PFLAA,3,22,-6,20,3,07C010!FAN_07C010,277,,1,0.0,7*42
$PFLAU,1,1,2,1,3,-17,2,20,23,07C010,33052D,5,651,1453*66
$PFLAA,3,22,-6,20,3,07C010!FAN_07C010,277,,1,0.0,7*42
$PFLAU,1,1,2,1,3,-17,2,20,23,07C010,33052D,5,651,1454*61
$PFLAA,3,23,-8,20,3,07C010!FAN_07C010,277,,1,0.0,7*4D
$PFLAU,1,1,2,1,3,-19,2,20,24,07C010,33052D,5,651,1454*68
$PFLAA,3,23,-8,20,3,07C010!FAN_07C010,277,,1,0.0,7*4D
$PFLAU,1,1,2,1,3,-19,2,20,24,07C010,33052D,5,651,1454*68
$PFLAA,3,20,-9,19,3,07C010!FAN_07C010,277,,1,0.0,7*45
$PFLAU,1,1,2,1,3,-24,2,19,22,07C010,33052D,5,652,1455*68
$PFLAA,3,20,-9,19,3,07C010!FAN_07C010,277,,1,0.0,7*45
$PFLAU,1,1,2,1,3,-24,2,19,22,07C010,33052D,5,652,1455*68
$PFLAA,3,19,-9,19,3,07C010!FAN_07C010,277,,1,0.0,7*4F
$PFLAU,1,1,2,1,3,-27,2,19,21,07C010,33052D,5,652,1455*68
$PFLAA,3,19,-11,20,3,07C010!FAN_07C010,277,,0,0.0,7*7D
$PFLAU,1,1,2,1,3,-30,2,20,22,07C010,33052D,5,653,1455*66
$PFLAA,3,19,-11,20,3,07C010!FAN_07C010,277,,0,0.0,7*7D
$PFLAU,1,1,2,1,3,-30,2,20,22,07C010,33052D,5,653,1456*65
$PFLAA,3,19,-11,20,3,07C010!FAN_07C010,277,,0,0.0,7*7D
$PFLAU,1,1,2,1,3,-30,2,20,22,07C010,33052D,5,653,1456*65
$PFLAA,3,22,-8,22,3,07C010!FAN_07C010,277,,0,0.0,7*4F
$PFLAU,1,1,2,1,3,-21,2,22,24,07C010,33052D,5,654,1457*67
$PFLAA,3,22,-8,22,3,07C010!FAN_07C010,277,,0,0.0,7*4F
$PFLAU,1,1,2,1,3,-21,2,22,24,07C010,33052D,5,654,1457*67
$PFLAA,3,21,-8,22,3,07C010!FAN_07C010,277,,0,0.0,7*4C
$PFLAU,1,1,2,1,3,-20,2,22,23,07C010,33052D,5,654,1457*61
$PFLAA,3,19,-6,23,3,07C010!FAN_07C010,277,,0,0.0,7*48
$PFLAU,1,1,2,1,3,-17,2,23,20,07C010,33052D,5,655,1458*69
$PFLAA,3,19,-6,23,3,07C010!FAN_07C010,277,,0,0.0,7*48
$PFLAU,1,1,2,1,3,-17,2,23,20,07C010,33052D,5,655,1458*69
$PFLAA,3,19,-6,23,3,07C010!FAN_07C010,277,,0,0.0,7*48
$PFLAU,1,1,2,1,3,-17,2,23,20,07C010,33052D,5,655,1458*69
$PFLAA,3,20,-4,22,3,07C010!FAN_07C010,277,,0,0.0,7*41
$PFLAU,1,1,2,1,3,-11,2,22,21,07C010,33052D,5,656,1458*6C
$PFLAA,3,20,-4,22,3,07C010!FAN_07C010,277,,0,0.0,7*41
$PFLAU,1,1,2,1,3,-11,2,22,21,07C010,33052D,5,656,1459*6D
$PFLAA,3,24,-3,22,3,07C010!FAN_07C010,277,,0,0.0,7*42
$PFLAU,1,1,2,1,3,-8,2,22,25,07C010,33052D,5,656,1459*51
$PFLAA,3,24,-3,25,3,07C010!FAN_07C010,277,,1,0.0,7*44
$PFLAU,1,1,2,1,3,-8,2,25,24,07C010,33052D,5,657,1459*56
$PFLAA,3,24,-3,25,3,07C010!FAN_07C010,277,,1,0.0,7*44
$PFLAU,1,1,2,1,3,-8,2,25,24,07C010,33052D,5,657,1460*5C
$PFLAA,3,24,-3,25,3,07C010!FAN_07C010,277,,1,0.0,7*44
$PFLAU,1,1,2,1,3,-8,2,25,24,07C010,33052D,5,657,1460*5C
$PFLAA,3,18,0,26,3,07C010!FAN_07C010,277,,0,0.0,7*67
$PFLAU,1,1,2,1,3,0,2,26,18,07C010,33052D,5,658,1460*7A
$PFLAA,3,18,0,25,3,07C010!FAN_07C010,277,,0,0.0,7*64
$PFLAU,1,1,2,1,3,0,2,25,18,07C010,33052D,5,658,1461*78
$PFLAA,3,17,0,25,3,07C010!FAN_07C010,277,,0,0.0,7*6B
$PFLAU,1,1,2,1,3,3,2,25,17,07C010,33052D,5,658,1461*74
$PFLAA,3,17,0,25,3,07C010!FAN_07C010,277,,0,0.0,7*6B
$PFLAU,1,1,2,1,3,3,2,25,17,07C010,33052D,5,658,1461*74
$PFLAA,3,17,1,25,3,07C010!FAN_07C010,277,,0,0.0,7*6A
$PFLAU,1,1,2,1,3,6,2,25,17,07C010,33052D,5,659,1461*70
$PFLAA,3,17,1,25,3,07C010!FAN_07C010,277,,0,0.0,7*6A
$PFLAU,1,1,2,1,3,6,2,25,17,07C010,33052D,5,659,1462*73
$PFLAA,3,18,0,25,3,07C010!FAN_07C010,277,,0,0.0,7*64
$PFLAU,1,1,2,1,3,1,2,25,18,07C010,33052D,5,659,1462*7B
$PFLAA,3,18,-1,26,3,07C010!FAN_07C010,277,,0,0.0,7*4B
$PFLAU,1,1,2,1,3,-5,2,26,18,07C010,33052D,5,660,1462*5B
$PFLAA,3,18,-1,26,3,07C010!FAN_07C010,277,,0,0.0,7*4B
$PFLAU,1,1,2,1,3,-5,2,26,18,07C010,33052D,5,660,1463*5A
$PFLAA,3,18,-1,26,3,07C010!FAN_07C010,277,,0,0.0,7*4B
$PFLAU,1,1,2,1,3,-5,2,26,18,07C010,33052D,5,660,1463*5A
$PFLAA,3,17,4,26,3,07C010!FAN_07C010,277,,0,0.0,7*6C
$PFLAU,1,1,2,1,3,14,2,26,18,07C010,33052D,5,661,1463*46
$PFLAA,3,17,4,26,3,07C010!FAN_07C010,277,,0,0.0,7*6C
$PFLAU,1,1,2,1,3,14,2,26,18,07C010,33052D,5,661,1464*41
$PFLAA,3,17,4,26,3,07C010!FAN_07C010,277,,0,0.0,7*6C
$PFLAU,1,1,2,1,3,14,2,26,18,07C010,33052D,5,661,1464*41
$PFLAA,3,19,3,29,3,07C010!FAN_07C010,277,,1,0.0,7*6B
$PFLAU,1,1,2,1,3,10,2,29,20,07C010,33052D,5,662,1464*42
$PFLAA,3,19,3,29,3,07C010!FAN_07C010,277,,1,0.0,7*6B
$PFLAU,1,1,2,1,3,10,2,29,20,07C010,33052D,5,662,1465*43
$PFLAA,3,19,3,29,3,07C010!FAN_07C010,277,,1,0.0,7*6B
$PFLAU,1,1,2,1,3,10,2,29,20,07C010,33052D,5,662,1465*43
$PFLAA,3,19,1,29,3,07C010!FAN_07C010,277,,1,0.0,7*69
$PFLAU,1,1,2,1,3,4,2,29,20,07C010,33052D,5,662,1466*75
$PFLAA,3,19,1,29,3,07C010!FAN_07C010,277,,1,0.0,7*69
$PFLAU,1,1,2,1,3,4,2,29,20,07C010,33052D,5,662,1466*75
$PFLAA,3,21,1,29,3,07C010!FAN_07C010,277,,1,0.0,7*62
$PFLAU,1,1,2,1,3,5,2,29,21,07C010,33052D,5,662,1466*75
$PFLAA,3,23,3,31,3,07C010!FAN_07C010,277,,0,0.0,7*6A
$PFLAU,1,1,2,1,3,9,2,31,23,07C010,33052D,5,663,1466*73
$PFLAA,3,23,3,31,3,07C010!FAN_07C010,277,,0,0.0,7*6A
$PFLAU,1,1,2,1,3,9,2,31,23,07C010,33052D,5,663,1467*72
$PFLAA,3,23,3,31,3,07C010!FAN_07C010,277,,0,0.0,7*6A
$PFLAU,1,1,2,1,3,9,2,31,23,07C010,33052D,5,663,1467*72
$PFLAA,3,22,2,31,3,07C010!FAN_07C010,277,,0,0.0,7*6A
$PFLAU,1,1,2,1,3,6,2,31,23,07C010,33052D,5,664,1467*7A
$PFLAA,3,22,2,31,3,07C010!FAN_07C010,277,,0,0.0,7*6A
$PFLAU,1,1,2,1,3,6,2,31,23,07C010,33052D,5,664,1468*75
$PFLAA,3,23,1,31,3,07C010!FAN_07C010,277,,0,0.0,7*68
$PFLAU,1,1,2,1,3,4,2,31,23,07C010,33052D,5,664,1468*77
$PFLAA,3,28,2,32,3,07C010!FAN_07C010,277,,0,0.0,7*63
$PFLAU,1,1,2,1,3,4,2,32,28,07C010,33052D,5,665,1468*7E
$PFLAA,3,28,2,32,3,07C010!FAN_07C010,277,,0,0.0,7*63
$PFLAU,1,1,2,1,3,4,2,32,28,07C010,33052D,5,665,1469*7F
$PFLAA,3,28,2,32,3,07C010!FAN_07C010,277,,0,0.0,7*63
$PFLAU,1,1,2,1,3,4,2,32,28,07C010,33052D,5,665,1469*7F
$PFLAA,3,28,0,29,3,07C010!FAN_07C010,277,,1,0.0,7*6A
$PFLAU,1,1,2,1,3,1,2,29,28,07C010,33052D,5,666,1469*73
$PFLAA,3,28,0,29,3,07C010!FAN_07C010,277,,1,0.0,7*6A
$PFLAU,1,1,2,1,3,1,2,29,28,07C010,33052D,5,666,1470*7B
$PFLAA,3,28,1,29,3,07C010!FAN_07C010,277,,1,0.0,7*6B
$PFLAU,1,1,2,1,3,3,2,29,28,07C010,33052D,5,666,1470*79
$PFLAA,3,27,3,30,3,07C010!FAN_07C010,277,,0,0.0,7*6F
$PFLAU,1,1,2,1,3,8,2,30,27,07C010,33052D,5,667,1470*74
$PFLAA,3,27,3,30,3,07C010!FAN_07C010,277,,0,0.0,7*6F
$PFLAU,1,1,2,1,3,8,2,30,27,07C010,33052D,5,667,1471*75
$PFLAA,3,27,3,30,3,07C010!FAN_07C010,277,,0,0.0,7*6F
$PFLAU,1,1,2,1,3,8,2,30,27,07C010,33052D,5,667,1471*75
$PFLAA,3,25,6,30,3,07C010!FAN_07C010,277,,0,0.0,7*68
$PFLAU,1,1,2,1,3,14,2,30,26,07C010,33052D,5,667,1471*49
$PFLAA,3,28,7,30,3,07C010!FAN_07C010,277,,0,0.0,7*64
$PFLAU,1,1,2,1,3,15,2,30,29,07C010,33052D,5,668,1471*48
$PFLAA,3,28,7,30,3,07C010!FAN_07C010,277,,0,0.0,7*64
$PFLAU,1,1,2,1,3,15,2,30,29,07C010,33052D,5,668,1472*4B
$PFLAA,3,32,4,27,3,07C010!FAN_07C010,277,,0,0.0,7*6A
$PFLAU,1,1,2,1,3,7,2,27,32,07C010,33052D,5,669,1472*75
$PFLAA,3,32,4,27,3,07C010!FAN_07C010,277,,0,0.0,7*6A
$PFLAU,1,1,2,1,3,7,2,27,32,07C010,33052D,5,669,1472*75
$PFLAA,3,32,4,27,3,07C010!FAN_07C010,277,,0,0.0,7*6A
$PFLAU,1,1,2,1,3,7,2,27,32,07C010,33052D,5,669,1473*74
$PFLAA,3,31,5,25,3,07C010!FAN_07C010,277,,0,0.0,7*6A
$PFLAU,1,1,2,1,3,10,2,25,31,07C010,33052D,5,670,1473*4B
$PFLAA,3,31,5,25,3,07C010!FAN_07C010,277,,0,0.0,7*6A
$PFLAU,1,1,2,1,3,10,2,25,31,07C010,33052D,5,670,1473*4B
$PFLAA,3,31,5,25,3,07C010!FAN_07C010,277,,0,0.0,7*6A
$PFLAU,1,1,2,1,3,10,2,25,31,07C010,33052D,5,670,1474*4C
$PFLAA,3,39,9,28,3,07C010!FAN_07C010,277,,1,0.0,7*62
$PFLAU,1,1,2,1,3,14,2,28,40,07C010,33052D,5,671,1474*42
$PFLAA,3,39,9,28,3,07C010!FAN_07C010,277,,1,0.0,7*62
$PFLAU,1,1,2,1,3,14,2,28,40,07C010,33052D,5,671,1474*42
$PFLAA,3,39,9,28,3,07C010!FAN_07C010,277,,1,0.0,7*62
$PFLAU,1,1,2,1,3,14,2,28,40,07C010,33052D,5,671,1475*43
$PFLAA,3,41,10,29,3,07C010!FAN_07C010,277,,0,0.0,7*55
$PFLAU,1,1,2,1,3,14,2,29,42,07C010,33052D,5,672,1475*43
$PFLAA,3,41,10,29,3,07C010!FAN_07C010,277,,0,0.0,7*55
$PFLAU,1,1,2,1,3,14,2,29,42,07C010,33052D,5,672,1475*43
$PFLAA,3,41,10,29,3,07C010!FAN_07C010,277,,0,0.0,7*55
$PFLAU,1,1,2,1,3,14,2,29,42,07C010,33052D,5,672,1475*43
$PFLAA,3,42,11,29,3,07C010!FAN_07C010,277,,0,0.0,7*57
$PFLAU,1,1,2,1,3,15,2,29,44,07C010,33052D,5,673,1476*46
$PFLAA,3,42,11,29,3,07C010!FAN_07C010,277,,0,0.0,7*57
$PFLAU,1,1,2,1,3,15,2,29,44,07C010,33052D,5,673,1476*46
$PFLAA,3,42,11,29,3,07C010!FAN_07C010,277,,0,0.0,7*57
$PFLAU,1,1,2,1,3,15,2,29,44,07C010,33052D,5,673,1477*47
$PFLAA,3,39,10,27,3,07C010!FAN_07C010,277,,0,0.0,7*54
$PFLAU,1,1,2,1,3,15,2,27,40,07C010,33052D,5,674,1477*4A
$PFLAA,3,39,10,27,3,07C010!FAN_07C010,277,,0,0.0,7*54
$PFLAU,1,1,2,1,3,15,2,27,40,07C010,33052D,5,674,1477*4A
$PFLAA,3,39,10,27,3,07C010!FAN_07C010,277,,0,0.0,7*54
$PFLAU,1,1,2,1,3,15,2,27,40,07C010,33052D,5,674,1477*4A
$PFLAA,3,39,10,27,3,07C010!FAN_07C010,277,,0,0.0,7*54
$PFLAU,1,1,2,1,3,15,2,27,40,07C010,33052D,5,674,1478*45
$PFLAA,3,37,12,24,3,07C010!FAN_07C010,277,,1,0.0,7*5A
$PFLAU,1,1,2,1,3,19,2,24,39,07C010,33052D,5,675,1478*45
$PFLAA,3,37,12,24,3,07C010!FAN_07C010,277,,1,0.0,7*5A
$PFLAU,1,1,2,1,3,19,2,24,39,07C010,33052D,5,675,1479*44
$PFLAA,3,37,12,24,3,07C010!FAN_07C010,277,,1,0.0,7*5A
$PFLAU,1,1,2,1,3,18,2,24,39,07C010,33052D,5,675,1479*45
$PFLAA,3,29,15,20,3,07C010!FAN_07C010,277,,1,0.0,7*56
$PFLAU,1,1,2,1,3,27,2,20,33,07C010,33052D,5,676,1479*44
$PFLAA,3,29,15,20,3,07C010!FAN_07C010,277,,1,0.0,7*56
$PFLAU,1,1,2,1,3,27,2,20,33,07C010,33052D,5,676,1480*42
$PFLAA,3,29,15,20,3,07C010!FAN_07C010,277,,1,0.0,7*56
$PFLAU,1,1,2,1,3,27,2,20,33,07C010,33052D,5,676,1480*42
$PFLAA,3,25,24,20,3,07C010!FAN_07C010,277,,0,0.0,7*59
$PFLAU,1,1,2,1,3,44,2,20,35,07C010,33052D,5,677,1480*40
$PFLAA,3,25,24,20,3,07C010!FAN_07C010,277,,0,0.0,7*59
$PFLAU,1,1,2,1,3,44,2,20,35,07C010,33052D,5,677,1481*41
$PFLAA,3,25,24,20,3,07C010!FAN_07C010,277,,0,0.0,7*59
$PFLAU,1,1,2,1,3,44,2,20,35,07C010,33052D,5,677,1481*41
$PFLAA,3,27,21,19,3,07C010!FAN_07C010,277,,1,0.0,7*55
$PFLAU,1,1,2,1,3,38,2,19,34,07C010,33052D,5,678,1481*4E
$PFLAA,3,27,21,19,3,07C010!FAN_07C010,277,,1,0.0,7*55
$PFLAU,1,1,2,1,3,38,2,19,34,07C010,33052D,5,678,1482*4D
$PFLAA,3,27,21,19,3,07C010!FAN_07C010,277,,1,0.0,7*55
$PFLAU,1,1,2,1,3,38,2,19,34,07C010,33052D,5,678,1482*4D
$PFLAA,3,24,15,17,3,07C010!FAN_07C010,277,,0,0.0,7*5E
$PFLAU,1,1,2,1,3,32,2,17,29,07C010,33052D,5,679,1482*44
$PFLAA,3,24,15,17,3,07C010!FAN_07C010,277,,0,0.0,7*5E
$PFLAU,1,1,2,1,3,32,2,17,29,07C010,33052D,5,679,1483*45
$PFLAA,3,24,15,17,3,07C010!FAN_07C010,277,,0,0.0,7*5E
$PFLAU,1,1,2,1,3,32,2,17,29,07C010,33052D,5,679,1483*45
$PFLAA,3,23,15,13,3,07C010!FAN_07C010,277,,0,0.0,7*5D
$PFLAU,1,1,2,1,3,34,2,13,28,07C010,33052D,5,680,1483*40
$PFLAA,3,23,15,13,3,07C010!FAN_07C010,277,,0,0.0,7*5D
$PFLAU,1,1,2,1,3,34,2,13,28,07C010,33052D,5,680,1484*47
$PFLAA,3,21,27,13,3,07C010!FAN_07C010,277,,0,0.0,7*5E
$PFLAU,1,1,2,1,3,51,2,13,34,07C010,33052D,5,680,1484*49
$PFLAA,3,18,27,11,3,07C010!FAN_07C010,277,,1,0.0,7*57
$PFLAU,1,1,2,1,3,56,2,11,32,07C010,33052D,5,681,1484*4B
$PFLAA,3,17,26,11,3,07C010!FAN_07C010,277,,1,0.0,7*59
$PFLAU,1,1,2,1,3,57,2,11,31,07C010,33052D,5,681,1485*48
$PFLAA,3,17,26,11,3,07C010!FAN_07C010,277,,1,0.0,7*59
$PFLAU,1,1,2,1,3,57,2,11,31,07C010,33052D,5,681,1485*48
$PFLAA,3,16,28,11,3,07C010!FAN_07C010,277,,1,0.0,7*56
$PFLAU,1,1,2,1,3,60,2,11,32,07C010,33052D,5,682,1485*4C
$PFLAA,3,16,28,11,3,07C010!FAN_07C010,277,,1,0.0,7*56
$PFLAU,1,1,2,1,3,60,2,11,32,07C010,33052D,5,682,1485*4C
$PFLAA,3,16,30,11,3,07C010!FAN_07C010,277,,1,0.0,7*5F
$PFLAU,1,1,2,1,3,61,2,11,35,07C010,33052D,5,682,1486*49
$PFLAA,3,15,30,11,3,07C010!FAN_07C010,277,,0,0.0,7*5D
$PFLAU,1,1,2,1,3,63,2,11,34,07C010,33052D,5,683,1486*4B
$PFLAA,3,15,30,11,3,07C010!FAN_07C010,277,,0,0.0,7*5D
$PFLAU,1,1,2,1,3,63,2,11,34,07C010,33052D,5,683,1486*4B
$PFLAA,3,15,30,11,3,07C010!FAN_07C010,277,,0,0.0,7*5D
$PFLAU,1,1,2,1,3,63,2,11,34,07C010,33052D,5,683,1487*4A
$PFLAA,3,19,21,11,3,07C010!FAN_07C010,277,,0,0.0,7*51
$PFLAU,1,1,2,1,3,47,2,11,29,07C010,33052D,5,683,1487*40
$PFLAA,3,19,21,11,3,07C010!FAN_07C010,277,,0,0.0,7*51
$PFLAU,1,1,2,1,3,47,2,11,29,07C010,33052D,5,683,1487*40
$PFLAA,3,18,19,11,3,07C010!FAN_07C010,277,,0,0.0,7*5B
$PFLAU,1,1,2,1,3,47,2,11,27,07C010,33052D,5,683,1488*41
$PFLAU,0,1,2,1,0,,0,,,,33052D,5,683,1488*32
$PFLAA,3,26,13,14,3,07C010!FAN_07C010,277,,0,0.0,7*59
$PFLAU,1,1,2,1,3,27,2,14,29,07C010,33052D,5,684,1488*4B
$PFLAA,3,26,13,14,3,07C010!FAN_07C010,277,,0,0.0,7*59
$PFLAU,1,1,2,1,3,27,2,14,29,07C010,33052D,5,684,1489*4A
$PFLAA,3,24,13,14,3,07C010!FAN_07C010,277,,0,0.0,7*5B
$PFLAU,1,1,2,1,3,29,2,14,28,07C010,33052D,5,684,1489*45
$PFLAA,3,30,12,15,3,07C010!FAN_07C010,277,,0,0.0,7*5E
$PFLAU,1,1,2,1,3,22,2,15,32,07C010,33052D,5,685,1489*45
$PFLAA,3,31,9,15,3,07C010!FAN_07C010,277,,0,0.0,7*65
$PFLAU,1,1,2,1,3,17,2,15,33,07C010,33052D,5,685,1490*4A
$PFLAA,3,35,8,19,3,07C010!FAN_07C010,277,,0,0.0,7*6C
$PFLAU,1,1,2,1,3,13,2,19,36,07C010,33052D,5,686,1490*44
$PFLAA,3,35,8,19,3,07C010!FAN_07C010,277,,0,0.0,7*6C
$PFLAU,1,1,2,1,3,13,2,19,36,07C010,33052D,5,686,1490*44
$PFLAA,3,35,8,19,3,07C010!FAN_07C010,277,,0,0.0,7*6C
$PFLAU,1,1,2,1,3,13,2,19,36,07C010,33052D,5,686,1491*45
$PFLAA,3,39,4,26,3,07C010!FAN_07C010,277,,0,0.0,7*60
$PFLAU,1,1,2,1,3,6,2,26,39,07C010,33052D,5,687,1491*73
$PFLAA,3,39,4,26,3,07C010!FAN_07C010,277,,0,0.0,7*60
$PFLAU,1,1,2,1,3,6,2,26,39,07C010,33052D,5,687,1491*73
$PFLAA,3,38,3,26,3,07C010!FAN_07C010,277,,0,0.0,7*66
$PFLAU,1,1,2,1,3,5,2,26,38,07C010,33052D,5,687,1492*72
$PFLAA,3,38,4,26,3,07C010!FAN_07C010,277,,0,0.0,7*61
$PFLAU,1,1,2,1,3,7,2,26,38,07C010,33052D,5,688,1492*7F
$PFLAA,3,38,4,25,3,07C010!FAN_07C010,277,,0,0.0,7*62
$PFLAU,1,1,2,1,3,7,2,25,38,07C010,33052D,5,688,1492*7C
$PFLAA,3,38,4,25,3,07C010!FAN_07C010,277,,0,0.0,7*62
$PFLAU,1,1,2,1,3,7,2,25,38,07C010,33052D,5,688,1493*7D
$PFLAA,3,35,10,23,3,07C010!FAN_07C010,277,,0,0.0,7*5C
$PFLAU,1,1,2,1,3,16,2,23,36,07C010,33052D,5,689,1493*44
$PFLAA,3,35,10,23,3,07C010!FAN_07C010,277,,0,0.0,7*5C
$PFLAU,1,1,2,1,3,16,2,23,36,07C010,33052D,5,689,1493*44
$PFLAA,3,35,10,23,3,07C010!FAN_07C010,277,,0,0.0,7*5C
$PFLAU,1,1,2,1,3,16,2,23,36,07C010,33052D,5,689,1494*43
$PFLAU,0,0,0,1,0,,0,,,,33052D,5,690,1494*3E
$PFLAU,0,0,0,1,0,,0,,,,33052D,5,690,1494*3E
$PFLAU,0,0,0,1,0,,0,,,,33052D,5,690,1494*3E
$PFLAU,0,0,0,1,0,,0,,,,33052D,5,691,1494*3F
$PFLAU,0,0,0,1,0,,0,,,,33052D,5,691,1494*3F
$PFLAU,0,1,2,1,0,,0,,,,33052D,5,691,1495*3D
$PFLAU,0,1,2,1,0,,0,,,,33052D,5,691,1495*3D
$PFLAU,0,1,2,1,0,,0,,,,33052D,5,691,1495*3D
$PFLAU,0,1,2,1,0,,0,,,,33052D,5,691,1496*3E
$PFLAA,3,18,5,16,3,07C010!FAN_07C010,277,,1,0.0,7*60
$PFLAU,1,1,2,1,3,16,2,16,19,07C010,33052D,5,692,1496*40
$PFLAA,3,18,5,16,3,07C010!FAN_07C010,277,,1,0.0,7*60
$PFLAU,1,1,2,1,3,16,2,16,19,07C010,33052D,5,692,1496*40
$PFLAA,3,12,4,16,3,07C010!FAN_07C010,277,,1,0.0,7*6B
$PFLAU,1,1,2,1,3,19,2,16,13,07C010,33052D,5,692,1497*44
$PFLAA,3,12,2,16,3,07C010!FAN_07C010,277,,0,0.0,7*6C
$PFLAU,1,1,2,1,3,13,2,16,13,07C010,33052D,5,693,1497*4F
$PFLAA,3,14,2,16,3,07C010!FAN_07C010,277,,0,0.0,7*6A
$PFLAU,1,1,2,1,3,9,2,16,14,07C010,33052D,5,693,1497*73
$PFLAA,3,14,2,16,3,07C010!FAN_07C010,277,,0,0.0,7*6A
$PFLAU,1,1,2,1,3,9,2,16,14,07C010,33052D,5,693,1497*73
$PFLAA,3,12,5,16,3,07C010!FAN_07C010,277,,0,0.0,7*6B
$PFLAU,1,1,2,1,3,25,2,16,14,07C010,33052D,5,694,1498*45
$PFLAA,3,12,5,16,3,07C010!FAN_07C010,277,,0,0.0,7*6B
$PFLAU,1,1,2,1,3,25,2,16,14,07C010,33052D,5,694,1498*45
$PFLAA,3,10,8,16,3,07C010!FAN_07C010,277,,0,0.0,7*64
$PFLAU,1,1,2,1,3,40,2,16,13,07C010,33052D,5,694,1498*41
$PFLAA,3,9,9,16,3,07C010!FAN_07C010,277,,0,0.0,7*5D
$PFLAU,1,1,2,1,3,44,2,16,12,07C010,33052D,5,695,1499*44
$PFLAA,3,10,8,16,3,07C010!FAN_07C010,277,,0,0.0,7*64
$PFLAU,1,1,2,1,3,37,2,16,13,07C010,33052D,5,695,1499*41
$PFLAA,3,10,8,16,3,07C010!FAN_07C010,277,,0,0.0,7*64
$PFLAU,1,1,2,1,3,37,2,16,13,07C010,33052D,5,695,1499*41
$PFLAA,3,11,6,16,3,07C010!FAN_07C010,277,,0,0.0,7*6B
$PFLAU,1,1,2,1,3,30,2,16,13,07C010,33052D,5,696,1500*44
$PFLAA,3,11,6,16,3,07C010!FAN_07C010,277,,0,0.0,7*6B
$PFLAU,1,1,2,1,3,30,2,16,13,07C010,33052D,5,696,1500*44
$PFLAA,3,9,7,16,3,07C010!FAN_07C010,277,,0,0.0,7*53
$PFLAU,1,1,2,1,3,38,2,16,12,07C010,33052D,5,696,1500*4D
$PFLAA,3,7,9,14,3,07C010!FAN_07C010,277,,0,0.0,7*51
$PFLAU,1,1,2,1,3,53,2,14,12,07C010,33052D,5,697,1501*42
$PFLAA,3,7,9,14,3,07C010!FAN_07C010,277,,0,0.0,7*51
$PFLAU,1,1,2,1,3,53,2,14,12,07C010,33052D,5,697,1501*42
$PFLAA,3,7,9,14,3,07C010!FAN_07C010,277,,0,0.0,7*51
$PFLAU,1,1,2,1,3,53,2,14,12,07C010,33052D,5,697,1501*42
$PFLAA,3,11,6,15,3,07C010!FAN_07C010,319,,3,0.0,7*62
$PFLAU,1,1,2,1,3,29,2,15,13,07C010,33052D,5,698,1502*43
$PFLAA,3,11,6,15,3,07C010!FAN_07C010,319,,3,0.0,7*62
$PFLAU,1,1,2,1,3,29,2,15,13,07C010,33052D,5,698,1502*43
$PFLAA,3,9,4,15,3,07C010!FAN_07C010,319,,3,0.0,7*59
$PFLAU,1,1,2,1,3,28,2,15,10,07C010,33052D,5,698,1502*41
$PFLAA,3,12,7,15,3,07C010!FAN_07C010,319,,0,0.0,7*63
$PFLAU,1,1,2,1,3,31,2,15,15,07C010,33052D,5,699,1503*4C
$PFLAA,3,12,6,15,3,07C010!FAN_07C010,319,,0,0.0,7*62
$PFLAU,1,1,2,1,3,28,2,15,14,07C010,33052D,5,699,1503*45
$PFLAA,3,12,6,15,3,07C010!FAN_07C010,319,,0,0.0,7*62
$PFLAU,1,1,2,1,3,28,2,15,14,07C010,33052D,5,699,1503*45
$PFLAA,3,11,5,15,3,07C010!FAN_07C010,319,,0,0.0,7*62
$PFLAU,1,1,2,1,3,26,2,15,13,07C010,33052D,5,699,1504*4B
$PFLAA,3,11,5,15,3,07C010!FAN_07C010,319,,0,0.0,7*62
$PFLAU,1,1,2,1,3,26,2,15,13,07C010,33052D,5,699,1504*4B
$PFLAU,0,1,2,1,0,,0,,,,33052D,5,699,1504*3C
$PFLAU,0,1,2,1,0,,0,,,,33052D,5,699,1505*3D
$PFLAA,3,-4,-2,14,3,07C010!FAN_07C010,223,,2,0.0,7*5A
$PFLAU,1,1,2,1,3,-147,2,14,5,07C010,33052D,5,700,1505*66
$PFLAA,3,-4,-2,14,3,07C010!FAN_07C010,223,,2,0.0,7*5A
$PFLAU,1,1,2,1,3,-147,2,14,5,07C010,33052D,5,700,1505*66
$PFLAA,3,-15,-6,9,3,07C010!FAN_07C010,215,,2,0.0,7*57
$PFLAU,1,1,2,1,3,-158,2,9,17,07C010,33052D,5,701,1506*65
$PFLAA,3,-15,-6,9,3,07C010!FAN_07C010,215,,2,0.0,7*57
$PFLAU,1,1,2,1,3,-158,2,9,17,07C010,33052D,5,701,1506*65
$PFLAA,3,-15,-5,9,3,07C010!FAN_07C010,215,,2,0.0,7*54
$PFLAU,1,1,2,1,3,-162,2,9,16,07C010,33052D,5,701,1506*6D
$PFLAA,3,-34,-7,-5,3,07C010!FAN_07C010,205,,2,0.0,7*75
$PFLAU,1,1,2,1,3,-168,2,-5,35,07C010,33052D,5,702,1507*45
$PFLAA,3,-34,-7,-5,3,07C010!FAN_07C010,205,,2,0.0,7*75
$PFLAU,1,1,2,1,3,-168,2,-5,35,07C010,33052D,5,702,1507*45
$PFLAA,3,-34,-7,-5,3,07C010!FAN_07C010,205,,2,0.0,7*75
$PFLAU,1,1,2,1,3,-168,2,-5,35,07C010,33052D,5,702,1507*45
$PFLAA,3,-34,-7,-5,3,07C010!FAN_07C010,205,,2,0.0,7*75
$PFLAU,1,1,2,1,3,-167,2,-5,35,07C010,33052D,5,702,1508*45
$PFLAA,3,-30,-10,-4,3,07C010!FAN_07C010,205,,2,0.0,7*46
$PFLAU,1,1,2,1,3,-162,2,-4,32,07C010,33052D,5,703,1508*47
$PFLAA,3,-31,-12,-4,3,07C010!FAN_07C010,205,,2,0.0,7*45
$PFLAU,1,1,2,1,3,-159,2,-4,33,07C010,33052D,5,703,1508*4E
$PFLAA,3,-31,-12,-4,3,07C010!FAN_07C010,205,,2,0.0,7*45
$PFLAU,1,1,2,1,3,-159,2,-4,33,07C010,33052D,5,703,1509*4F
$PFLAA,3,-29,-13,-2,3,07C010!FAN_07C010,206,,1,0.0,7*4B
$PFLAU,1,1,2,1,3,-156,2,-2,32,07C010,33052D,5,704,1509*40
$PFLAA,3,-29,-13,-2,3,07C010!FAN_07C010,206,,1,0.0,7*4B
$PFLAU,1,1,2,1,3,-156,2,-2,32,07C010,33052D,5,704,1509*40
$PFLAA,3,-28,-12,-2,3,07C010!FAN_07C010,206,,1,0.0,7*4B
$PFLAU,1,1,2,1,3,-157,2,-2,31,07C010,33052D,5,704,1510*4A
$PFLAA,3,-22,-9,1,3,07C010!FAN_07C010,206,,0,0.0,7*54
$PFLAU,1,1,2,1,3,-157,2,1,24,07C010,33052D,5,705,1510*61
$PFLAA,3,-22,-9,1,3,07C010!FAN_07C010,206,,0,0.0,7*54
$PFLAU,1,1,2,1,3,-157,2,1,24,07C010,33052D,5,705,1510*61
$PFLAA,3,-22,-9,1,3,07C010!FAN_07C010,206,,0,0.0,7*54
$PFLAU,1,1,2,1,3,-157,2,1,24,07C010,33052D,5,705,1511*60
$PFLAA,3,-22,-19,2,3,07C010!FAN_07C010,206,,0,0.0,7*66
$PFLAU,1,1,2,1,3,-139,2,2,29,07C010,33052D,5,706,1511*65
$PFLAA,3,-22,-19,2,3,07C010!FAN_07C010,206,,0,0.0,7*66
$PFLAU,1,1,2,1,3,-139,2,2,29,07C010,33052D,5,706,1512*66
$PFLAA,3,-25,-25,2,3,07C010!FAN_07C010,206,,0,0.0,7*6E
$PFLAU,1,1,2,1,3,-135,2,2,35,07C010,33052D,5,706,1512*67
$PFLAA,3,-20,-29,6,3,07C010!FAN_07C010,206,,0,0.0,7*63
$PFLAU,1,1,2,1,3,-124,2,6,35,07C010,33052D,5,707,1512*62
$PFLAA,3,-20,-29,6,3,07C010!FAN_07C010,206,,0,0.0,7*63
$PFLAU,1,1,2,1,3,-124,2,6,35,07C010,33052D,5,707,1512*62
$PFLAA,3,-20,-29,6,3,07C010!FAN_07C010,206,,0,0.0,7*63
$PFLAU,1,1,2,1,3,-124,2,6,35,07C010,33052D,5,707,1513*63
$PFLAA,3,-27,-37,3,3,07C010!FAN_07C010,206,,0,0.0,7*6E
$PFLAU,1,1,2,1,3,-126,2,3,46,07C010,33052D,5,708,1513*6F
$PFLAA,3,-27,-37,3,3,07C010!FAN_07C010,206,,0,0.0,7*6E
$PFLAU,1,1,2,1,3,-126,2,3,46,07C010,33052D,5,708,1513*6F
$PFLAA,3,-29,-43,3,3,07C010!FAN_07C010,206,,0,0.0,7*63
$PFLAU,1,1,2,1,3,-124,2,3,52,07C010,33052D,5,708,1514*6F
$PFLAA,3,-19,-43,11,3,07C010!FAN_07C010,295,,2,0.0,7*5B
$PFLAU,1,1,2,1,3,-114,2,11,48,07C010,33052D,5,709,1514*55
$PFLAA,3,-19,-43,11,3,07C010!FAN_07C010,295,,2,0.0,7*5B
$PFLAU,1,1,2,1,3,-114,2,11,48,07C010,33052D,5,709,1514*55
$PFLAU,0,0,0,1,0,,0,,,,33052D,5,709,1514*36
$PFLAU,0,0,0,1,0,,0,,,,33052D,5,710,1514*3E
$PFLAU,0,0,0,1,0,,0,,,,33052D,5,710,1514*3E
$PFLAA,3,-26,-62,11,3,07C010!FAN_07C010,295,,2,0.0,7*54
$PFLAU,1,1,2,1,3,-113,2,11,67,07C010,33052D,5,710,1515*56
$PFLAU,0,1,2,1,0,,0,,,,33052D,5,710,1515*3C
$PFLAA,3,-8,-60,27,3,07C010!FAN_07C010,5,,1,0.0,7*67
$PFLAU,1,1,2,1,3,-98,2,27,61,07C010,33052D,5,711,1515*66
$PFLAA,3,-8,-60,27,3,07C010!FAN_07C010,5,,1,0.0,7*67
$PFLAU,1,1,2,1,3,-98,2,27,61,07C010,33052D,5,711,1516*65
$PFLAA,3,-12,-59,32,3,07C010!FAN_07C010,5,,1,0.0,7*52
$PFLAU,1,1,2,1,3,-102,2,32,61,07C010,33052D,5,712,1516*50
$PFLAA,3,-12,-59,32,3,07C010!FAN_07C010,5,,1,0.0,7*52
$PFLAU,1,1,2,1,3,-102,2,32,61,07C010,33052D,5,712,1516*50
$PFLAA,3,-13,-59,32,3,07C010!FAN_07C010,5,,1,0.0,7*53
$PFLAU,1,1,2,1,3,-103,2,32,60,07C010,33052D,5,712,1517*51
$PFLAA,3,-10,-52,36,3,07C010!FAN_07C010,5,,1,0.0,7*5F
$PFLAU,1,1,2,1,3,-101,2,36,53,07C010,33052D,5,713,1517*56
$PFLAA,3,-10,-52,36,3,07C010!FAN_07C010,5,,1,0.0,7*5F
$PFLAU,1,1,2,1,3,-101,2,36,53,07C010,33052D,5,713,1517*56
$PFLAA,3,-10,-52,36,3,07C010!FAN_07C010,5,,1,0.0,7*5F
$PFLAU,1,1,2,1,3,-101,2,36,53,07C010,33052D,5,713,1518*59
$PFLAA,3,-6,-49,36,3,07C010!FAN_07C010,5,,0,0.0,7*63
$PFLAU,1,1,2,1,3,-98,2,36,50,07C010,33052D,5,714,1518*6C
$PFLAU,0,0,0,1,0,,0,,,,33052D,5,714,1518*36
$PFLAU,0,0,0,1,0,,0,,,,33052D,5,714,1518*36
$PFLAU,0,0,0,1,0,,0,,,,33052D,5,715,1518*37
$PFLAU,0,0,0,1,0,,0,,,,33052D,5,715,1518*37
$PFLAU,0,0,0,1,0,,0,,,,33052D,5,715,1518*37
$PFLAU,0,0,0,1,0,,0,,,,33052D,5,716,1518*34
$PFLAU,0,0,0,1,0,,0,,,,33052D,5,716,1518*34
$PFLAU,0,0,0,1,0,,0,,,,33052D,5,716,1518*34
$PFLAU,0,0,0,1,0,,0,,,,33052D,5,717,1518*35
$PFLAU,0,0,0,1,0,,0,,,,33052D,5,717,1518*35
$PFLAU,0,0,0,1,0,,0,,,,33052D,5,717,1518*35
$PFLAU,0,0,0,1,0,,0,,,,33052D,5,718,1518*3A
$PFLAU,0,0,0,1,0,,0,,,,33052D,5,718,1518*3A
$PFLAU,0,0,0,1,0,,0,,,,33052D,5,718,1518*3A
$PFLAU,0,0,0,1,0,,0,,,,33052D,5,719,1518*3B
$PFLAU,0,0,0,1,0,,0,,,,33052D,5,719,1518*3B
$PFLAU,0,0,0,1,0,,0,,,,33052D,5,719,1518*3B
$PFLAU,0,0,0,1,0,,0,,,,33052D,5,720,1518*31
$PFLAU,0,0,0,1,0,,0,,,,33052D,5,720,1518*31
$PFLAU,0,0,0,1,0,,0,,,,33052D,5,720,1518*31
$PFLAU,0,0,0,1,0,,0,,,,33052D,5,721,1518*30
$PFLAU,0,0,0,1,0,,0,,,,33052D,5,721,1518*30
$PFLAU,0,0,0,1,0,,0,,,,33052D,5,721,1518*30
$PFLAU,0,0,0,1,0,,0,,,,33052D,5,721,1518*30
$PFLAU,0,0,0,1,0,,0,,,,33052D,5,722,1518*33
$PFLAU,0,0,0,1,0,,0,,,,33052D,5,722,1518*33
$PFLAU,0,0,0,1,0,,0,,,,33052D,5,723,1518*32
$PFLAU,0,0,0,1,0,,0,,,,33052D,5,723,1518*32
$PFLAU,0,0,0,1,0,,0,,,,33052D,5,723,1518*32
$PFLAU,0,0,0,1,0,,0,,,,33052D,5,724,1518*35
$PFLAU,0,0,0,1,0,,0,,,,33052D,5,724,1518*35
$PFLAU,0,0,0,1,0,,0,,,,33052D,5,724,1518*35
$PFLAU,0,0,0,1,0,,0,,,,33052D,5,725,1518*34
$PFLAU,0,0,0,1,0,,0,,,,33052D,5,725,1518*34
$PFLAU,0,0,0,1,0,,0,,,,33052D,5,725,1518*34
$PFLAU,0,0,0,1,0,,0,,,,33052D,5,726,1518*37
$PFLAU,0,0,0,1,0,,0,,,,33052D,5,726,1518*37
$PFLAU,0,0,0,1,0,,0,,,,33052D,5,726,1518*37
$PFLAU,0,0,0,1,0,,0,,,,33052D,5,726,1518*37
$PFLAU,0,0,0,1,0,,0,,,,33052D,5,727,1518*36
$PFLAU,0,0,0,1,0,,0,,,,33052D,5,727,1518*36
$PFLAU,0,0,0,1,0,,0,,,,33052D,5,727,1518*36
$PFLAU,0,0,0,1,0,,0,,,,33052D,5,728,1518*39
$PFLAU,0,0,0,1,0,,0,,,,33052D,5,728,1518*39
$PFLAU,0,0,0,1,0,,0,,,,33052D,5,728,1518*39
$PFLAU,0,0,0,1,0,,0,,,,33052D,5,729,1518*38
$PFLAU,0,0,0,1,0,,0,,,,33052D,5,729,1518*38
$PFLAU,0,0,0,1,0,,0,,,,33052D,5,729,1518*38
$PFLAU,0,0,0,1,0,,0,,,,33052D,5,730,1518*30
$PFLAU,0,0,0,1,0,,0,,,,33052D,5,730,1518*30
$PFLAU,0,0,0,1,0,,0,,,,33052D,5,730,1518*30
$PFLAU,0,0,0,1,0,,0,,,,33052D,5,731,1518*31
$PFLAU,0,0,0,1,0,,0,,,,33052D,5,731,1518*31
$PFLAU,0,0,0,1,0,,0,,,,33052D,5,731,1518*31
$PFLAU,0,0,0,1,0,,0,,,,33052D,5,732,1518*32
$PFLAU,0,0,0,1,0,,0,,,,33052D,5,732,1518*32
$PFLAU,0,0,0,1,0,,0,,,,33052D,5,732,1518*32
$PFLAU,0,0,0,1,0,,0,,,,33052D,5,733,1518*33
$PFLAU,0,0,0,1,0,,0,,,,33052D,5,733,1518*33
$PFLAU,0,0,0,1,0,,0,,,,33052D,5,733,1518*33
$PFLAU,0,0,0,1,0,,0,,,,33052D,5,733,1518*33
$PFLAU,0,0,0,1,0,,0,,,,33052D,5,734,1518*34
$PFLAU,0,0,0,1,0,,0,,,,33052D,5,734,1518*34
$PFLAU,0,0,0,1,0,,0,,,,33052D,5,734,1518*34
$PFLAU,0,0,0,1,0,,0,,,,33052D,5,735,1518*35
$PFLAU,0,0,0,1,0,,0,,,,33052D,5,735,1518*35
$PFLAU,0,0,0,1,0,,0,,,,33052D,5,735,1518*35
$PFLAU,0,0,0,1,0,,0,,,,33052D,5,736,1518*36
$PFLAU,0,0,0,1,0,,0,,,,33052D,5,736,1518*36
$PFLAU,0,0,0,1,0,,0,,,,33052D,5,736,1518*36
$PFLAU,0,0,0,1,0,,0,,,,33052D,5,737,1518*37
$PFLAU,0,0,0,1,0,,0,,,,33052D,5,737,1518*37
$PFLAU,0,0,0,1,0,,0,,,,33052D,5,737,1518*37
$PFLAU,0,0,0,1,0,,0,,,,33052D,5,738,1518*38
$PFLAU,0,0,0,1,0,,0,,,,33052D,5,738,1518*38
$PFLAU,0,0,0,1,0,,0,,,,33052D,5,738,1518*38
$PFLAU,0,0,0,1,0,,0,,,,33052D,5,739,1518*39
$PFLAU,0,0,0,1,0,,0,,,,33052D,5,739,1518*39
$PFLAU,0,0,0,1,0,,0,,,,33052D,5,739,1518*39
$PFLAU,0,0,0,1,0,,0,,,,33052D,5,739,1518*39
$PFLAU,0,0,0,1,0,,0,,,,33052D,5,740,1518*37
$PFLAU,0,0,0,1,0,,0,,,,33052D,5,740,1518*37
$PFLAU,0,0,0,1,0,,0,,,,33052D,5,740,1518*37
$PFLAU,0,0,0,1,0,,0,,,,33052D,5,741,1518*36
$PFLAU,0,0,0,1,0,,0,,,,33052D,5,741,1518*36
$PFLAU,0,0,0,1,0,,0,,,,33052D,5,741,1518*36
$PFLAU,0,0,0,1,0,,0,,,,33052D,5,742,1518*35
$PFLAU,0,0,0,1,0,,0,,,,33052D,5,742,1518*35
$PFLAU,0,0,0,1,0,,0,,,,33052D,5,742,1518*35
$PFLAU,0,0,0,1,0,,0,,,,33052D,5,743,1518*34
$PFLAU,0,0,0,1,0,,0,,,,33052D,5,743,1518*34
$PFLAU,0,0,0,1,0,,0,,,,33052D,5,743,1518*34
$PFLAU,0,0,0,1,0,,0,,,,33052D,5,744,1518*33
$PFLAU,0,0,0,1,0,,0,,,,33052D,5,744,1518*33
$PFLAU,0,0,0,1,0,,0,,,,33052D,5,744,1518*33
$PFLAU,0,0,0,1,0,,0,,,,33052D,5,745,1518*32
$PFLAU,0,0,0,1,0,,0,,,,33052D,5,745,1518*32
$PFLAU,0,0,0,1,0,,0,,,,33052D,5,745,1518*32
$PFLAU,0,0,0,1,0,,0,,,,33052D,5,746,1518*31
$PFLAU,0,0,0,1,0,,0,,,,33052D,5,746,1518*31
$PFLAU,0,0,0,1,0,,0,,,,33052D,5,746,1518*31
$PFLAU,0,0,0,1,0,,0,,,,33052D,5,747,1518*30
$PFLAU,0,0,0,1,0,,0,,,,33052D,5,747,1518*30
$PFLAU,0,0,0,1,0,,0,,,,33052D,5,748,1518*3F
$PFLAU,0,0,0,1,0,,0,,,,33052D,5,748,1518*3F
$PFLAU,0,0,0,1,0,,0,,,,33052D,5,748,1518*3F
$PFLAU,0,0,0,1,0,,0,,,,33052D,5,749,1518*3E
$PFLAU,0,0,0,1,0,,0,,,,33052D,5,749,1518*3E
$PFLAU,0,0,0,1,0,,0,,,,33052D,5,749,1518*3E
$PFLAU,0,0,0,1,0,,0,,,,33052D,5,750,1518*36
$PFLAU,0,0,0,1,0,,0,,,,33052D,5,750,1518*36
$PFLAU,0,0,0,1,0,,0,,,,33052D,5,750,1518*36
$PFLAU,0,0,0,1,0,,0,,,,33052D,5,750,1518*36
$PFLAU,0,0,0,1,0,,0,,,,33052D,5,751,1518*37
$PFLAU,0,0,0,1,0,,0,,,,33052D,5,751,1518*37
$PFLAU,0,0,0,1,0,,0,,,,33052D,5,752,1518*34
$PFLAU,0,0,0,1,0,,0,,,,33052D,5,752,1518*34
$PFLAU,0,0,0,1,0,,0,,,,33052D,5,752,1518*34
$PFLAU,0,0,0,1,0,,0,,,,33052D,5,753,1518*35
$PFLAU,0,0,0,1,0,,0,,,,33052D,5,753,1518*35
$PFLAU,0,0,0,1,0,,0,,,,33052D,5,753,1518*35
$PFLAU,0,0,0,1,0,,0,,,,33052D,5,754,1518*32
$PFLAU,0,0,0,1,0,,0,,,,33052D,5,754,1518*32
$PFLAU,0,0,0,1,0,,0,,,,33052D,5,754,1518*32
$PFLAU,0,0,0,1,0,,0,,,,33052D,5,755,1518*33
$PFLAU,0,0,0,1,0,,0,,,,33052D,5,755,1518*33
$PFLAU,0,0,0,1,0,,0,,,,33052D,5,756,1518*30
$PFLAU,0,0,0,1,0,,0,,,,33052D,5,756,1518*30
$PFLAU,0,0,0,1,0,,0,,,,33052D,5,756,1518*30
$PFLAU,0,0,0,1,0,,0,,,,33052D,5,757,1518*31
$PFLAU,0,0,0,1,0,,0,,,,33052D,5,757,1518*31
$PFLAU,0,0,0,1,0,,0,,,,33052D,5,757,1518*31
$PFLAU,0,0,0,1,0,,0,,,,33052D,5,758,1518*3E
$PFLAU,0,0,0,1,0,,0,,,,33052D,5,758,1518*3E
$PFLAU,0,0,0,1,0,,0,,,,33052D,5,758,1518*3E
$PFLAU,0,0,0,1,0,,0,,,,33052D,5,759,1518*3F
$PFLAU,0,0,0,1,0,,0,,,,33052D,5,759,1518*3F
$PFLAU,0,0,0,1,0,,0,,,,33052D,5,759,1518*3F
$PFLAU,0,0,0,1,0,,0,,,,33052D,5,760,1518*35
$PFLAU,0,0,0,1,0,,0,,,,33052D,5,760,1518*35
$PFLAU,0,0,0,1,0,,0,,,,33052D,5,760,1518*35
$PFLAU,0,0,0,1,0,,0,,,,33052D,5,761,1518*34
$PFLAU,0,0,0,1,0,,0,,,,33052D,5,761,1518*34
$PFLAU,0,0,0,1,0,,0,,,,33052D,5,761,1518*34
$PFLAU,0,0,0,1,0,,0,,,,33052D,5,761,1518*34
$PFLAU,0,0,0,1,0,,0,,,,33052D,5,762,1518*37
$PFLAU,0,0,0,1,0,,0,,,,33052D,5,762,1518*37
$PFLAU,0,0,0,1,0,,0,,,,33052D,5,762,1518*37
$PFLAU,0,0,0,1,0,,0,,,,33052D,5,763,1518*36
$PFLAU,0,0,0,1,0,,0,,,,33052D,5,763,1518*36
$PFLAU,0,0,0,1,0,,0,,,,33052D,5,764,1518*31
$PFLAU,0,0,0,1,0,,0,,,,33052D,5,764,1518*31
$PFLAU,0,0,0,1,0,,0,,,,33052D,5,764,1518*31
$PFLAU,0,0,0,1,0,,0,,,,33052D,5,765,1518*30
$PFLAU,0,0,0,1,0,,0,,,,33052D,5,765,1518*30
$PFLAU,0,0,0,1,0,,0,,,,33052D,5,765,1518*30
$PFLAU,0,0,0,1,0,,0,,,,33052D,5,766,1518*33
$PFLAU,0,0,0,1,0,,0,,,,33052D,5,766,1518*33
